[0m2021.01.26 12:58:41 INFO  Started: Metals version 0.9.10 in workspace '/home/amburkee/wc' for client vscode 1.52.1.[0m
[0m2021.01.26 12:58:41 INFO  time: initialize in 0.45s[0m
[0m2021.01.26 12:58:42 WARN  Build server is not auto-connectable.[0m
[0m2021.01.26 12:58:44 INFO  running '/usr/lib/jvm/java-8-openjdk-amd64/bin/java -Djline.terminal=jline.UnsupportedTerminal -Dsbt.log.noformat=true -Dfile.encoding=UTF-8 -jar /tmp/metals7436976271573601322/sbt-launch.jar -Dbloop.export-jar-classifiers=sources bloopInstall'[0m
[0m2021.01.26 12:58:44 WARN  no build target for: /home/amburkee/wc/project/metals.sbt[0m
[0m2021.01.26 12:58:44 WARN  no build target for: /home/amburkee/wc/project/project/metals.sbt[0m
[0m2021.01.26 12:58:44 WARN  Unable to produce semanticdb for /home/amburkee/wc/project/metals.sbt[0m
[0m2021.01.26 12:58:44 WARN  Unable to produce semanticdb for /home/amburkee/wc/project/project/metals.sbt[0m
[0m2021.01.26 12:58:44 INFO  skipping build import with status 'Started'[0m
[0m2021.01.26 12:58:45 INFO  [info] welcome to sbt 1.4.6 (Private Build Java 1.8.0_275)[0m
[0m2021.01.26 12:58:48 INFO  [info] loading settings for project wc-build-build from metals.sbt ...[0m
[0m2021.01.26 12:58:48 INFO  [info] loading project definition from /home/amburkee/wc/project/project[0m
[0m2021.01.26 12:58:50 INFO  [info] loading settings for project wc-build from metals.sbt ...[0m
[0m2021.01.26 12:58:50 INFO  [info] loading project definition from /home/amburkee/wc/project[0m
[0m2021.01.26 12:58:52 INFO  [success] Generated .bloop/wc-build.json[0m
[0m2021.01.26 12:58:52 INFO  [info] compiling 1 Scala source to /home/amburkee/wc/project/target/scala-2.12/sbt-1.0/classes ...[0m
[0m2021.01.26 12:58:54 INFO  [info] done compiling[0m
[0m2021.01.26 12:58:54 INFO  [success] Total time: 4 s, completed Jan 26, 2021 12:58:54 PM[0m
[0m2021.01.26 12:58:56 INFO  [info] loading settings for project root from build.sbt ...[0m
[0m2021.01.26 12:58:56 INFO  [info] set current project to wc (in build file:/home/amburkee/wc/)[0m
[0m2021.01.26 12:58:56 INFO  [success] Generated .bloop/root-test.json[0m
[0m2021.01.26 12:58:56 INFO  [success] Generated .bloop/root.json[0m
[0m2021.01.26 12:58:56 INFO  [success] Total time: 0 s, completed Jan 26, 2021 12:58:56 PM[0m
[0m2021.01.26 12:58:57 INFO  sbt bloopInstall exit: 0[0m
[0m2021.01.26 12:58:57 INFO  time: ran 'sbt bloopInstall' in 12s[0m
[0m2021.01.26 12:58:57 INFO  Attempting to connect to the build server...[0m
Starting the bsp launcher for bloop...
Opening a bsp server connection with 'bsp --protocol local --socket /tmp/bsp-launcher852645873104609438/bsp.socket'...
Waiting for the bsp connection to come up...
Waiting for the bsp connection to come up...
No server running at 127.0.0.1:8212, let's fire one...
Resolving ch.epfl.scala:bloop-frontend_2.12:1.4.6-21-464e4ec4...
Starting bloop server at 127.0.0.1:8212...
Attempting a connection to the server...
Attempting a connection to the server...
Attempting a connection to the server...
[0m[32m[D][0m Loading 2 projects from '/home/amburkee/wc/.bloop'...
[0m[32m[D][0m Loading project from '/home/amburkee/wc/.bloop/root-test.json'
[0m[32m[D][0m Loading project from '/home/amburkee/wc/.bloop/root.json'
[0m[32m[D][0m Cache miss for scala instance org.scala-lang:scala-compiler:2.13.4.
[0m[32m[D][0m   => /home/amburkee/.cache/coursier/v1/https/repo1.maven.org/maven2/net/java/dev/jna/jna/5.3.1/jna-5.3.1.jar
[0m[32m[D][0m   => /home/amburkee/.cache/coursier/v1/https/repo1.maven.org/maven2/org/jline/jline/3.16.0/jline-3.16.0.jar
[0m[32m[D][0m   => /home/amburkee/.cache/coursier/v1/https/repo1.maven.org/maven2/org/scala-lang/scala-compiler/2.13.4/scala-compiler-2.13.4.jar
[0m[32m[D][0m   => /home/amburkee/.cache/coursier/v1/https/repo1.maven.org/maven2/org/scala-lang/scala-library/2.13.4/scala-library-2.13.4.jar
[0m[32m[D][0m   => /home/amburkee/.cache/coursier/v1/https/repo1.maven.org/maven2/org/scala-lang/scala-reflect/2.13.4/scala-reflect-2.13.4.jar
[0m[32m[D][0m Missing analysis file for project 'root'
[0m[32m[D][0m Missing analysis file for project 'root-test'
[0m[32m[D][0m Waiting for a connection at local:///tmp/bsp-launcher852645873104609438/bsp.socket...
The server is listening for incoming connections at local:///tmp/bsp-launcher852645873104609438/bsp.socket...
Starting thread that pumps stdin and redirects it to the bsp server...
Starting thread that pumps server stdout and redirects it to the client stdout...
[0m2021.01.26 12:58:59 INFO  tracing is disabled for protocol BSP, to enable tracing of incoming and outgoing JSON messages create an empty file at /home/amburkee/.cache/metals/bsp.trace.json[0m
[0m2021.01.26 12:58:59 INFO  Attempting to connect to the build server...[0m
Starting the bsp launcher for bloop...
Opening a bsp server connection with 'bsp --protocol local --socket /tmp/bsp-launcher5884681221387814550/bsp.socket'...
Waiting for the bsp connection to come up...
[0m[32m[D][0m Loading workspace settings from bloop.settings.json
[0m[32m[D][0m Waiting for a connection at local:///tmp/bsp-launcher5884681221387814550/bsp.socket...
The server is listening for incoming connections at local:///tmp/bsp-launcher5884681221387814550/bsp.socket...
Starting thread that pumps stdin and redirects it to the bsp server...
Starting thread that pumps server stdout and redirects it to the client stdout...
[0m2021.01.26 12:58:59 INFO  tracing is disabled for protocol BSP, to enable tracing of incoming and outgoing JSON messages create an empty file at /home/amburkee/.cache/metals/bsp.trace.json[0m
[0m2021.01.26 12:58:59 INFO  time: connected to build server in 2.24s[0m
[0m2021.01.26 12:58:59 INFO  Connected to Build server v1.4.6-21-464e4ec4[0m
[0m2021.01.26 12:59:00 WARN  Could not find java sources in Some(/usr/lib/jvm/java-8-openjdk-amd64). Java symbols will not be available.[0m
[0m2021.01.26 12:59:02 INFO  time: indexed workspace in 2.64s[0m
[0m2021.01.26 12:59:11 INFO  compiling root (2 scala sources)[0m
[0m2021.01.26 12:59:14 INFO  time: compiled root in 2.69s[0m
[0m2021.01.26 12:59:26 INFO  compiling root (1 scala source)[0m
[0m2021.01.26 12:59:26 INFO  time: compiled root in 0.41s[0m
[0m2021.01.26 12:59:28 INFO  compiling wc-build (1 scala source)[0m
[0m2021.01.26 12:59:30 INFO  time: compiled wc-build in 2.67s[0m
[0m2021.01.26 12:59:44 INFO  running '/usr/lib/jvm/java-8-openjdk-amd64/bin/java -Djline.terminal=jline.UnsupportedTerminal -Dsbt.log.noformat=true -Dfile.encoding=UTF-8 -jar /tmp/metals7480961865194466029/sbt-launch.jar -Dbloop.export-jar-classifiers=sources bloopInstall'[0m
[0m2021.01.26 12:59:45 INFO  [info] welcome to sbt 1.4.6 (Private Build Java 1.8.0_275)[0m
[0m2021.01.26 12:59:45 INFO  [info] loading settings for project wc-build-build from metals.sbt ...[0m
[0m2021.01.26 12:59:46 INFO  [info] loading project definition from /home/amburkee/wc/project/project[0m
[0m2021.01.26 12:59:46 INFO  [info] loading settings for project wc-build from metals.sbt ...[0m
[0m2021.01.26 12:59:46 INFO  [info] loading project definition from /home/amburkee/wc/project[0m
[0m2021.01.26 12:59:48 INFO  [success] Generated .bloop/wc-build.json[0m
[0m2021.01.26 12:59:48 INFO  [success] Total time: 2 s, completed Jan 26, 2021 12:59:49 PM[0m
[0m2021.01.26 12:59:51 ERROR /home/amburkee/wc/build.sbt:17: error: not found: value assemblyMergeStrategy[0m
[0m2021.01.26 12:59:51 ERROR assemblyMergeStrategy in assembly := {[0m
[0m2021.01.26 12:59:51 ERROR ^[0m
[0m2021.01.26 12:59:51 ERROR /home/amburkee/wc/build.sbt:17: error: not found: value assembly[0m
[0m2021.01.26 12:59:51 ERROR assemblyMergeStrategy in assembly := {[0m
[0m2021.01.26 12:59:51 ERROR                          ^[0m
[0m2021.01.26 12:59:51 ERROR /home/amburkee/wc/build.sbt:18: error: not found: value PathList[0m
[0m2021.01.26 12:59:51 ERROR   case PathList("META-INF", xs @ _*) => MergeStrategy.discard[0m
[0m2021.01.26 12:59:51 ERROR        ^[0m
[0m2021.01.26 12:59:51 ERROR /home/amburkee/wc/build.sbt:18: error: star patterns must correspond with varargs parameters[0m
[0m2021.01.26 12:59:51 ERROR   case PathList("META-INF", xs @ _*) => MergeStrategy.discard[0m
[0m2021.01.26 12:59:51 ERROR                                   ^[0m
[0m2021.01.26 12:59:51 ERROR /home/amburkee/wc/build.sbt:18: error: not found: value MergeStrategy[0m
[0m2021.01.26 12:59:51 ERROR   case PathList("META-INF", xs @ _*) => MergeStrategy.discard[0m
[0m2021.01.26 12:59:51 ERROR                                         ^[0m
[0m2021.01.26 12:59:51 ERROR /home/amburkee/wc/build.sbt:19: error: not found: value MergeStrategy[0m
[0m2021.01.26 12:59:51 ERROR   case x                             => MergeStrategy.first[0m
[0m2021.01.26 12:59:51 ERROR                                         ^[0m
[0m2021.01.26 12:59:51 INFO  [error] Type error in expression[0m
[0m2021.01.26 12:59:51 INFO  [warn] Project loading failed: (r)etry, (q)uit, (l)ast, or (i)gnore? (default: r)[0m
[0m2021.01.26 12:59:51 INFO  sbt bloopInstall exit: 1[0m
[0m2021.01.26 12:59:52 INFO  time: ran 'sbt bloopInstall' in 7.82s[0m
[0m2021.01.26 12:59:52 ERROR sbt command failed: /usr/lib/jvm/java-8-openjdk-amd64/bin/java -Djline.terminal=jline.UnsupportedTerminal -Dsbt.log.noformat=true -Dfile.encoding=UTF-8 -jar /tmp/metals7480961865194466029/sbt-launch.jar -Dbloop.export-jar-classifiers=sources bloopInstall[0m
[0m2021.01.26 12:59:52 INFO  Disconnecting from Bloop session...[0m
[0m2021.01.26 12:59:52 INFO  Shut down connection with build server.[0m
[0m2021.01.26 12:59:52 INFO  Shut down connection with build server.[0m
No more data in the client stdin, exiting...
No more data in the client stdin, exiting...
[0m2021.01.26 12:59:52 INFO  Attempting to connect to the build server...[0m
Starting the bsp launcher for bloop...
Opening a bsp server connection with 'bsp --protocol local --socket /tmp/bsp-launcher4983795225608935472/bsp.socket'...
Waiting for the bsp connection to come up...
No more data in the server stdin, exiting...
No more data in the server stdin, exiting...
No more data in the server stdin, exiting...
No more data in the server stdin, exiting...
[0m[32m[D][0m Loading workspace settings from bloop.settings.json
[0m[32m[D][0m Waiting for a connection at local:///tmp/bsp-launcher4983795225608935472/bsp.socket...
The server is listening for incoming connections at local:///tmp/bsp-launcher4983795225608935472/bsp.socket...
Starting thread that pumps stdin and redirects it to the bsp server...
Starting thread that pumps server stdout and redirects it to the client stdout...
[0m2021.01.26 12:59:52 INFO  tracing is disabled for protocol BSP, to enable tracing of incoming and outgoing JSON messages create an empty file at /home/amburkee/.cache/metals/bsp.trace.json[0m
[0m2021.01.26 12:59:52 INFO  Attempting to connect to the build server...[0m
Starting the bsp launcher for bloop...
Opening a bsp server connection with 'bsp --protocol local --socket /tmp/bsp-launcher8158626756218734450/bsp.socket'...
Waiting for the bsp connection to come up...
[0m[32m[D][0m Loading workspace settings from bloop.settings.json
[0m[32m[D][0m Waiting for a connection at local:///tmp/bsp-launcher8158626756218734450/bsp.socket...
The server is listening for incoming connections at local:///tmp/bsp-launcher8158626756218734450/bsp.socket...
Starting thread that pumps stdin and redirects it to the bsp server...
Starting thread that pumps server stdout and redirects it to the client stdout...
[0m2021.01.26 12:59:52 INFO  tracing is disabled for protocol BSP, to enable tracing of incoming and outgoing JSON messages create an empty file at /home/amburkee/.cache/metals/bsp.trace.json[0m
[0m2021.01.26 12:59:52 INFO  time: connected to build server in 0.15s[0m
[0m2021.01.26 12:59:52 INFO  Connected to Build server v1.4.6-21-464e4ec4[0m
[0m2021.01.26 12:59:52 WARN  Could not find java sources in Some(/usr/lib/jvm/java-8-openjdk-amd64). Java symbols will not be available.[0m
[0m2021.01.26 12:59:52 INFO  time: indexed workspace in 0.4s[0m
[0m2021.01.26 12:59:52 INFO  compiling root (1 scala source)[0m
[0m2021.01.26 12:59:52 INFO  time: compiled root in 0.21s[0m
[0m2021.01.26 12:59:54 WARN  no build target for: /home/amburkee/wc/project/plugins.sbt[0m
[0m2021.01.26 12:59:54 INFO  no build target: using presentation compiler with only scala-library[0m
[0m2021.01.26 12:59:54 WARN  no build target for: /home/amburkee/wc/project/plugins.sbt[0m
[0m2021.01.26 12:59:54 WARN  Unable to produce semanticdb for /home/amburkee/wc/project/plugins.sbt[0m
[0m2021.01.26 12:59:54 INFO  skipping build import with status 'Failed'[0m
[0m2021.01.26 13:00:07 WARN  no build target for: /home/amburkee/wc/project/plugins.sbt[0m
[0m2021.01.26 13:00:07 WARN  Unable to produce semanticdb for /home/amburkee/wc/project/plugins.sbt[0m
[0m2021.01.26 13:00:09 INFO  running '/usr/lib/jvm/java-8-openjdk-amd64/bin/java -Djline.terminal=jline.UnsupportedTerminal -Dsbt.log.noformat=true -Dfile.encoding=UTF-8 -jar /tmp/metals1383233996108774745/sbt-launch.jar -Dbloop.export-jar-classifiers=sources bloopInstall'[0m
[0m2021.01.26 13:00:10 INFO  [info] welcome to sbt 1.4.6 (Private Build Java 1.8.0_275)[0m
[0m2021.01.26 13:00:12 INFO  [info] loading settings for project wc-build-build-build from metals.sbt ...[0m
[0m2021.01.26 13:00:12 INFO  [info] loading project definition from /home/amburkee/wc/project/project/project[0m
[0m2021.01.26 13:00:14 INFO  [info] loading settings for project wc-build-build from metals.sbt ...[0m
[0m2021.01.26 13:00:14 INFO  [info] loading project definition from /home/amburkee/wc/project/project[0m
[0m2021.01.26 13:00:15 INFO  [success] Generated .bloop/wc-build-build.json[0m
[0m2021.01.26 13:00:15 INFO  [success] Total time: 1 s, completed Jan 26, 2021 1:00:16 PM[0m
[0m2021.01.26 13:00:15 INFO  [info] loading settings for project wc-build from metals.sbt,plugins.sbt ...[0m
[0m2021.01.26 13:00:15 INFO  [info] loading project definition from /home/amburkee/wc/project[0m
[0m2021.01.26 13:00:17 INFO  [success] Generated .bloop/wc-build.json[0m
[0m2021.01.26 13:00:17 INFO  [success] Total time: 1 s, completed Jan 26, 2021 1:00:18 PM[0m
[0m2021.01.26 13:00:19 INFO  [info] loading settings for project root from build.sbt ...[0m
[0m2021.01.26 13:00:19 INFO  [info] set current project to wc (in build file:/home/amburkee/wc/)[0m
[0m2021.01.26 13:00:19 INFO  [warn] There may be incompatibilities among your library dependencies; run 'evicted' to see detailed eviction warnings.[0m
[0m2021.01.26 13:00:19 INFO  [warn] There may be incompatibilities among your library dependencies; run 'evicted' to see detailed eviction warnings.[0m
[0m2021.01.26 13:00:20 INFO  [success] Generated .bloop/root-test.json[0m
[0m2021.01.26 13:00:20 INFO  [success] Generated .bloop/root.json[0m
[0m2021.01.26 13:00:20 INFO  [success] Total time: 1 s, completed Jan 26, 2021 1:00:20 PM[0m
[0m2021.01.26 13:00:20 INFO  sbt bloopInstall exit: 0[0m
[0m2021.01.26 13:00:21 INFO  time: ran 'sbt bloopInstall' in 11s[0m
[0m2021.01.26 13:00:21 INFO  Disconnecting from Bloop session...[0m
[0m2021.01.26 13:00:21 INFO  Shut down connection with build server.[0m
[0m2021.01.26 13:00:21 INFO  Shut down connection with build server.[0m
No more data in the client stdin, exiting...
No more data in the client stdin, exiting...
[0m2021.01.26 13:00:21 INFO  Attempting to connect to the build server...[0m
No more data in the server stdin, exiting...
No more data in the server stdin, exiting...
No more data in the server stdin, exiting...
No more data in the server stdin, exiting...
Starting the bsp launcher for bloop...
Opening a bsp server connection with 'bsp --protocol local --socket /tmp/bsp-launcher5651201413529978929/bsp.socket'...
Waiting for the bsp connection to come up...
[0m[32m[D][0m Loading workspace settings from bloop.settings.json
[0m[32m[D][0m Loading 2 projects from '/home/amburkee/wc/.bloop'...
[0m[32m[D][0m Loading project from '/home/amburkee/wc/.bloop/root.json'
[0m[32m[D][0m Loading project from '/home/amburkee/wc/.bloop/root-test.json'
[0m[32m[D][0m Configured SemanticDB in projects 'root', 'root-test'
[0m[32m[D][0m Waiting for a connection at local:///tmp/bsp-launcher5651201413529978929/bsp.socket...
The server is listening for incoming connections at local:///tmp/bsp-launcher5651201413529978929/bsp.socket...
Starting thread that pumps stdin and redirects it to the bsp server...
Starting thread that pumps server stdout and redirects it to the client stdout...
[0m2021.01.26 13:00:21 INFO  tracing is disabled for protocol BSP, to enable tracing of incoming and outgoing JSON messages create an empty file at /home/amburkee/.cache/metals/bsp.trace.json[0m
[0m2021.01.26 13:00:21 INFO  Attempting to connect to the build server...[0m
Starting the bsp launcher for bloop...[0m2021.01.26 13:00:21 INFO  Attempting to connect to the build server...
[0m
Opening a bsp server connection with 'bsp --protocol local --socket /tmp/bsp-launcher7935336535189630077/bsp.socket'...
Waiting for the bsp connection to come up...
Starting the bsp launcher for bloop...
Opening a bsp server connection with 'bsp --protocol local --socket /tmp/bsp-launcher5223361874844624998/bsp.socket'...
Waiting for the bsp connection to come up...
[0m[32m[D][0m Loading workspace settings from bloop.settings.json
[0m[32m[D][0m Waiting for a connection at local:///tmp/bsp-launcher7935336535189630077/bsp.socket...
The server is listening for incoming connections at local:///tmp/bsp-launcher7935336535189630077/bsp.socket...
[0m[32m[D][0m Loading workspace settings from bloop.settings.json
[0m[32m[D][0m Waiting for a connection at local:///tmp/bsp-launcher5223361874844624998/bsp.socket...
The server is listening for incoming connections at local:///tmp/bsp-launcher5223361874844624998/bsp.socket...
Starting thread that pumps stdin and redirects it to the bsp server...
Starting thread that pumps server stdout and redirects it to the client stdout...
Starting thread that pumps stdin and redirects it to the bsp server...
Starting thread that pumps server stdout and redirects it to the client stdout...
[0m2021.01.26 13:00:21 INFO  tracing is disabled for protocol BSP, to enable tracing of incoming and outgoing JSON messages create an empty file at /home/amburkee/.cache/metals/bsp.trace.json[0m
[0m2021.01.26 13:00:21 INFO  tracing is disabled for protocol BSP, to enable tracing of incoming and outgoing JSON messages create an empty file at /home/amburkee/.cache/metals/bsp.trace.json[0m
[0m2021.01.26 13:00:21 INFO  time: connected to build server in 0.14s[0m
[0m2021.01.26 13:00:21 INFO  Connected to Build server v1.4.6-21-464e4ec4[0m
[0m2021.01.26 13:00:22 WARN  Could not find java sources in Some(/usr/lib/jvm/java-8-openjdk-amd64). Java symbols will not be available.[0m
[0m2021.01.26 13:00:22 INFO  time: indexed workspace in 0.79s[0m
[0m2021.01.26 13:00:25 INFO  compiling root (1 scala source)[0m
[0m2021.01.26 13:00:25 INFO  time: compiled root in 0.82s[0m
[0m2021.01.26 13:00:25 INFO  compiling root-test (1 scala source)[0m
[0m2021.01.26 13:00:26 INFO  time: compiled root-test in 0.21s[0m
[0m2021.01.26 13:00:31 INFO  compiling root (1 scala source)[0m
[0m2021.01.26 13:00:31 INFO  time: compiled root in 0.42s[0m
[0m2021.01.26 13:00:40 INFO  compiling root (1 scala source)[0m
[0m2021.01.26 13:00:40 INFO  time: compiled root in 0.32s[0m
[0m2021.01.26 13:01:08 INFO  compiling root (3 scala sources)[0m
[0m2021.01.26 13:01:08 INFO  time: compiled root in 0.18s[0m
[0m2021.01.26 13:01:08 INFO  compiling root (3 scala sources)[0m
[0m2021.01.26 13:01:08 INFO  time: compiled root in 0.14s[0m
[0m2021.01.26 13:01:18 ERROR code navigation does not work for the file '/home/amburkee/wc/src/main/scala/example/WordMapper.scala' because the SemanticDB file '/home/amburkee/wc/.bloop/root/bloop-bsp-clients-classes/classes-Metals-U4eCiXGATm6BVqdAA9a0Hg==/META-INF/semanticdb/src/main/scala/example/WordMapper.scala.semanticdb' doesn't exist. There can be many reasons for this error. [0m
[0m2021.01.26 13:01:18 INFO  compiling root (3 scala sources)[0m
[0m2021.01.26 13:01:18 INFO  time: compiled root in 0.92s[0m
[0m2021.01.26 13:12:38 INFO  shutting down Metals[0m
[0m2021.01.26 13:12:38 INFO  Shut down connection with build server.[0m
[0m2021.01.26 13:12:38 INFO  Shut down connection with build server.[0m
[0m2021.01.26 13:12:38 INFO  Shut down connection with build server.[0m
No more data in the client stdin, exiting...
No more data in the client stdin, exiting...
No more data in the client stdin, exiting...
[0m2021.01.26 13:12:54 INFO  Started: Metals version 0.9.10 in workspace '/home/amburkee/wc' for client vscode 1.52.1.[0m
[0m2021.01.26 13:12:54 INFO  time: initialize in 0.45s[0m
[0m2021.01.26 13:12:54 INFO  Attempting to connect to the build server...[0m
Starting the bsp launcher for bloop...
Opening a bsp server connection with 'bsp --protocol local --socket /tmp/bsp-launcher6214439834028443506/bsp.socket'...
Waiting for the bsp connection to come up...
[0m2021.01.26 13:12:55 INFO  skipping build import with status 'Installed'[0m
Waiting for the bsp connection to come up...
[0m2021.01.26 13:12:56 INFO  no build target: using presentation compiler with only scala-library[0m
Waiting for the bsp connection to come up...
No server running at 127.0.0.1:8212, let's fire one...
Resolving ch.epfl.scala:bloop-frontend_2.12:1.4.6-21-464e4ec4...
Starting bloop server at 127.0.0.1:8212...
Attempting a connection to the server...
Attempting a connection to the server...
Attempting a connection to the server...
Attempting a connection to the server...
Attempting a connection to the server...
[0m[32m[D][0m Loading workspace settings from bloop.settings.json
[0m[32m[D][0m Loading 2 projects from '/home/amburkee/wc/.bloop'...
[0m[32m[D][0m Loading project from '/home/amburkee/wc/.bloop/root.json'
[0m[32m[D][0m Loading project from '/home/amburkee/wc/.bloop/root-test.json'
[0m[32m[D][0m Cache miss for scala instance org.scala-lang:scala-compiler:2.13.4.
[0m[32m[D][0m   => /home/amburkee/.cache/coursier/v1/https/repo1.maven.org/maven2/net/java/dev/jna/jna/5.3.1/jna-5.3.1.jar
[0m[32m[D][0m   => /home/amburkee/.cache/coursier/v1/https/repo1.maven.org/maven2/org/jline/jline/3.16.0/jline-3.16.0.jar
[0m[32m[D][0m   => /home/amburkee/.cache/coursier/v1/https/repo1.maven.org/maven2/org/scala-lang/scala-compiler/2.13.4/scala-compiler-2.13.4.jar
[0m[32m[D][0m   => /home/amburkee/.cache/coursier/v1/https/repo1.maven.org/maven2/org/scala-lang/scala-library/2.13.4/scala-library-2.13.4.jar
[0m[32m[D][0m   => /home/amburkee/.cache/coursier/v1/https/repo1.maven.org/maven2/org/scala-lang/scala-reflect/2.13.4/scala-reflect-2.13.4.jar
[0m[32m[D][0m Configured SemanticDB in projects 'root', 'root-test'
[0m[32m[D][0m Missing analysis file for project 'root-test'
[0m[32m[D][0m Loading previous analysis for 'root' from '/home/amburkee/wc/target/streams/compile/bloopAnalysisOut/_global/streams/inc_compile_2.13.zip'.
[0m[32m[D][0m Waiting for a connection at local:///tmp/bsp-launcher6214439834028443506/bsp.socket...
The server is listening for incoming connections at local:///tmp/bsp-launcher6214439834028443506/bsp.socket...
Starting thread that pumps stdin and redirects it to the bsp server...
Starting thread that pumps server stdout and redirects it to the client stdout...
[0m2021.01.26 13:12:58 INFO  tracing is disabled for protocol BSP, to enable tracing of incoming and outgoing JSON messages create an empty file at /home/amburkee/.cache/metals/bsp.trace.json[0m
[0m2021.01.26 13:12:58 INFO  Attempting to connect to the build server...[0m
Starting the bsp launcher for bloop...[0m
2021.01.26 13:12:58 INFO  Attempting to connect to the build server...[0m
Opening a bsp server connection with 'bsp --protocol local --socket /tmp/bsp-launcher4420163735097904784/bsp.socket'...
Starting the bsp launcher for bloop...
Waiting for the bsp connection to come up...
Opening a bsp server connection with 'bsp --protocol local --socket /tmp/bsp-launcher4472951452171788483/bsp.socket'...
Waiting for the bsp connection to come up...
[0m[32m[D][0m Loading workspace settings from bloop.settings.json
[0m[32m[D][0m Waiting for a connection at local:///tmp/bsp-launcher4420163735097904784/bsp.socket...
The server is listening for incoming connections at local:///tmp/bsp-launcher4420163735097904784/bsp.socket...
[0m[32m[D][0m Loading workspace settings from bloop.settings.json
[0m[32m[D][0m Waiting for a connection at local:///tmp/bsp-launcher4472951452171788483/bsp.socket...
The server is listening for incoming connections at local:///tmp/bsp-launcher4472951452171788483/bsp.socket...
Starting thread that pumps stdin and redirects it to the bsp server...
Starting thread that pumps stdin and redirects it to the bsp server...
Starting thread that pumps server stdout and redirects it to the client stdout...
Starting thread that pumps server stdout and redirects it to the client stdout...
[0m2021.01.26 13:12:58 INFO  tracing is disabled for protocol BSP, to enable tracing of incoming and outgoing JSON messages create an empty file at /home/amburkee/.cache/metals/bsp.trace.json[0m
[0m2021.01.26 13:12:58 INFO  tracing is disabled for protocol BSP, to enable tracing of incoming and outgoing JSON messages create an empty file at /home/amburkee/.cache/metals/bsp.trace.json[0m
[0m2021.01.26 13:12:58 WARN  no build target for: /home/amburkee/wc/src/main/scala/example/WordMapper.scala[0m
[0m2021.01.26 13:12:58 INFO  time: connected to build server in 3.5s[0m
[0m2021.01.26 13:12:58 INFO  Connected to Build server v1.4.6-21-464e4ec4[0m
[0m2021.01.26 13:12:58 INFO  time: imported build in 0.14s[0m
[0m2021.01.26 13:12:58 WARN  Could not find java sources in Some(/usr/lib/jvm/java-8-openjdk-amd64). Java symbols will not be available.[0m
[0m2021.01.26 13:13:00 INFO  time: indexed workspace in 1.14s[0m
Jan 26, 2021 1:15:55 PM org.eclipse.lsp4j.jsonrpc.services.GenericEndpoint notify
INFO: Unsupported notification method: $/setTraceNotification
[0m2021.01.26 13:16:42 INFO  shutting down Metals[0m
[0m2021.01.26 13:16:42 INFO  Shut down connection with build server.[0m
[0m2021.01.26 13:16:42 INFO  Shut down connection with build server.[0m
No more data in the client stdin, exiting...
No more data in the client stdin, exiting...
[0m2021.01.26 13:16:42 INFO  Shut down connection with build server.[0m
No more data in the server stdin, exiting...
No more data in the server stdin, exiting...
No more data in the server stdin, exiting...
No more data in the server stdin, exiting...
[0m2021.01.26 13:17:00 INFO  Started: Metals version 0.9.10 in workspace '/home/amburkee/Project1/wc' for client vscode 1.52.1.[0m
[0m2021.01.26 13:17:01 INFO  time: initialize in 0.4s[0m
[0m2021.01.26 13:17:04 INFO  Attempting to connect to the build server...[0m
Starting the bsp launcher for bloop...
Opening a bsp server connection with 'bsp --protocol local --socket /tmp/bsp-launcher765055558322096700/bsp.socket'...
Waiting for the bsp connection to come up...
[0m[32m[D][0m Loading workspace settings from bloop.settings.json
[0m[32m[D][0m Loading 2 projects from '/home/amburkee/Project1/wc/.bloop'...
[0m[32m[D][0m Loading project from '/home/amburkee/Project1/wc/.bloop/root.json'
[0m[32m[D][0m Loading project from '/home/amburkee/Project1/wc/.bloop/root-test.json'
[0m[32m[D][0m Configured SemanticDB in projects 'root', 'root-test'
[0m[32m[D][0m Missing analysis file for project 'root'
[0m[32m[D][0m Missing analysis file for project 'root-test'
[0m[32m[D][0m Waiting for a connection at local:///tmp/bsp-launcher765055558322096700/bsp.socket...
The server is listening for incoming connections at local:///tmp/bsp-launcher765055558322096700/bsp.socket...
Starting thread that pumps stdin and redirects it to the bsp server...
Starting thread that pumps server stdout and redirects it to the client stdout...
[0m2021.01.26 13:17:05 INFO  tracing is disabled for protocol BSP, to enable tracing of incoming and outgoing JSON messages create an empty file at /home/amburkee/.cache/metals/bsp.trace.json[0m
[0m2021.01.26 13:17:05 INFO  Attempting to connect to the build server...[0m
Starting the bsp launcher for bloop...
[0m2021.01.26 13:17:05 INFO Opening a bsp server connection with 'bsp --protocol local --socket /tmp/bsp-launcher6504243987169408601/bsp.socket'... Attempting to connect to the build server...
[0m
Waiting for the bsp connection to come up...
Starting the bsp launcher for bloop...
Opening a bsp server connection with 'bsp --protocol local --socket /tmp/bsp-launcher87438280136123452/bsp.socket'...
Waiting for the bsp connection to come up...
[0m[32m[D][0m Loading workspace settings from bloop.settings.json
[0m[32m[D][0m Waiting for a connection at local:///tmp/bsp-launcher6504243987169408601/bsp.socket...
The server is listening for incoming connections at local:///tmp/bsp-launcher6504243987169408601/bsp.socket...
[0m[32m[D][0m Loading workspace settings from bloop.settings.json
[0m[32m[D][0m Waiting for a connection at local:///tmp/bsp-launcher87438280136123452/bsp.socket...
The server is listening for incoming connections at local:///tmp/bsp-launcher87438280136123452/bsp.socket...
Starting thread that pumps stdin and redirects it to the bsp server...
Starting thread that pumps stdin and redirects it to the bsp server...
Starting thread that pumps server stdout and redirects it to the client stdout...
Starting thread that pumps server stdout and redirects it to the client stdout...
[0m2021.01.26 13:17:05 INFO  tracing is disabled for protocol BSP, to enable tracing of incoming and outgoing JSON messages create an empty file at /home/amburkee/.cache/metals/bsp.trace.json[0m
[0m2021.01.26 13:17:05 INFO  tracing is disabled for protocol BSP, to enable tracing of incoming and outgoing JSON messages create an empty file at /home/amburkee/.cache/metals/bsp.trace.json[0m
[0m2021.01.26 13:17:05 INFO  time: connected to build server in 0.38s[0m
[0m2021.01.26 13:17:05 INFO  Connected to Build server v1.4.6-21-464e4ec4[0m
[0m2021.01.26 13:17:06 WARN  Could not find java sources in Some(/usr/lib/jvm/java-8-openjdk-amd64). Java symbols will not be available.[0m
[0m2021.01.26 13:17:06 INFO  time: indexed workspace in 1.76s[0m
[0m2021.01.26 13:17:13 INFO  running '/usr/lib/jvm/java-8-openjdk-amd64/bin/java -Djline.terminal=jline.UnsupportedTerminal -Dsbt.log.noformat=true -Dfile.encoding=UTF-8 -jar /tmp/metals5866522831333579243/sbt-launch.jar -Dbloop.export-jar-classifiers=sources bloopInstall'[0m
[0m2021.01.26 13:17:14 INFO  [info] welcome to sbt 1.4.6 (Private Build Java 1.8.0_275)[0m
[0m2021.01.26 13:17:14 INFO  [info] loading settings for project wc-build-build-build from metals.sbt ...[0m
[0m2021.01.26 13:17:15 INFO  [info] loading project definition from /home/amburkee/Project1/wc/project/project/project[0m
[0m2021.01.26 13:17:15 INFO  [info] loading settings for project wc-build-build from metals.sbt ...[0m
[0m2021.01.26 13:17:15 INFO  [info] loading project definition from /home/amburkee/Project1/wc/project/project[0m
[0m2021.01.26 13:17:18 INFO  [success] Generated .bloop/wc-build-build.json[0m
[0m2021.01.26 13:17:18 INFO  [success] Total time: 2 s, completed Jan 26, 2021 1:17:18 PM[0m
[0m2021.01.26 13:17:18 INFO  [info] loading settings for project wc-build from metals.sbt,plugins.sbt ...[0m
[0m2021.01.26 13:17:18 INFO  [info] loading project definition from /home/amburkee/Project1/wc/project[0m
[0m2021.01.26 13:17:18 INFO  [success] Generated .bloop/wc-build.json[0m
[0m2021.01.26 13:17:19 INFO  [info] compiling 1 Scala source to /home/amburkee/Project1/wc/project/target/scala-2.12/sbt-1.0/classes ...[0m
[0m2021.01.26 13:17:21 INFO  [info] done compiling[0m
[0m2021.01.26 13:17:21 INFO  [success] Total time: 3 s, completed Jan 26, 2021 1:17:21 PM[0m
[0m2021.01.26 13:17:22 INFO  no build target: using presentation compiler with only scala-library[0m
[0m2021.01.26 13:17:24 WARN  no build target for: /home/amburkee/Project1/wc/src/main/scala/example/WcDriver.scala[0m
[0m2021.01.26 13:17:24 WARN  no build target for: /home/amburkee/Project1/wc/src/main/scala/example/WordMapper.scala[0m
Jan 26, 2021 1:17:24 PM org.eclipse.lsp4j.jsonrpc.RemoteEndpoint handleCancellation
WARNING: Unmatched cancel notification for request id 5
Jan 26, 2021 1:17:24 PM org.eclipse.lsp4j.jsonrpc.RemoteEndpoint handleCancellation
WARNING: Unmatched cancel notification for request id 1
Jan 26, 2021 1:17:24 PM org.eclipse.lsp4j.jsonrpc.RemoteEndpoint handleCancellation
WARNING: Unmatched cancel notification for request id 4
[0m2021.01.26 13:17:24 WARN  no build target for: /home/amburkee/Project1/wc/src/main/scala/example/WordReducer.scala[0m
Jan 26, 2021 1:17:24 PM org.eclipse.lsp4j.jsonrpc.RemoteEndpoint handleCancellation
WARNING: Unmatched cancel notification for request id 6
Jan 26, 2021 1:17:24 PM org.eclipse.lsp4j.jsonrpc.RemoteEndpoint handleCancellation
WARNING: Unmatched cancel notification for request id 9
[0m2021.01.26 13:17:24 INFO  [info] loading settings for project root from build.sbt ...[0m
[0m2021.01.26 13:17:24 INFO  [info] set current project to wc (in build file:/home/amburkee/Project1/wc/)[0m
[0m2021.01.26 13:17:24 INFO  [success] Generated .bloop/root.json[0m
[0m2021.01.26 13:17:24 INFO  [success] Generated .bloop/root-test.json[0m
[0m2021.01.26 13:17:24 INFO  [success] Total time: 0 s, completed Jan 26, 2021 1:17:25 PM[0m
[0m2021.01.26 13:17:25 INFO  sbt bloopInstall exit: 0[0m
[0m2021.01.26 13:17:25 INFO  time: ran 'sbt bloopInstall' in 12s[0m
[0m2021.01.26 13:17:25 INFO  Disconnecting from Bloop session...[0m
No more data in the server stdin, exiting...
No more data in the server stdin, exiting...
No more data in the server stdin, exiting...
No more data in the server stdin, exiting...
No more data in the server stdin, exiting...[0m
2021.01.26 13:17:25No more data in the server stdin, exiting...
 INFO  Shut down connection with build server.[0m
[0m2021.01.26 13:17:25 INFO  Shut down connection with build server.[0m
[0m2021.01.26 13:17:25 INFO  Shut down connection with build server.[0m
No more data in the client stdin, exiting...
No more data in the client stdin, exiting...
No more data in the client stdin, exiting...
[0m2021.01.26 13:17:25 INFO  Attempting to connect to the build server...[0m
Starting the bsp launcher for bloop...
Opening a bsp server connection with 'bsp --protocol local --socket /tmp/bsp-launcher315212320354624712/bsp.socket'...
Waiting for the bsp connection to come up...
[0m[32m[D][0m Loading workspace settings from bloop.settings.json
[0m[32m[D][0m Loading 2 projects from '/home/amburkee/Project1/wc/.bloop'...
[0m[32m[D][0m Loading project from '/home/amburkee/Project1/wc/.bloop/root.json'
[0m[32m[D][0m Loading project from '/home/amburkee/Project1/wc/.bloop/root-test.json'
[0m[32m[D][0m Configured SemanticDB in projects 'root', 'root-test'
[0m[32m[D][0m Waiting for a connection at local:///tmp/bsp-launcher315212320354624712/bsp.socket...
The server is listening for incoming connections at local:///tmp/bsp-launcher315212320354624712/bsp.socket...
Starting thread that pumps stdin and redirects it to the bsp server...
Starting thread that pumps server stdout and redirects it to the client stdout...
[0m2021.01.26 13:17:26 INFO  tracing is disabled for protocol BSP, to enable tracing of incoming and outgoing JSON messages create an empty file at /home/amburkee/.cache/metals/bsp.trace.json[0m
[0m2021.01.26 13:17:26 INFO  Attempting to connect to the build server...[0m
Starting the bsp launcher for bloop...
[0mOpening a bsp server connection with 'bsp --protocol local --socket /tmp/bsp-launcher4577797822364660786/bsp.socket'...
2021.01.26 13:17:26 INFO  Attempting to connect to the build server...[0m
Waiting for the bsp connection to come up...
Starting the bsp launcher for bloop...
Opening a bsp server connection with 'bsp --protocol local --socket /tmp/bsp-launcher6338813621271023089/bsp.socket'...
Waiting for the bsp connection to come up...
[0m[32m[D][0m Loading workspace settings from bloop.settings.json
[0m[32m[D][0m Waiting for a connection at local:///tmp/bsp-launcher4577797822364660786/bsp.socket...
The server is listening for incoming connections at local:///tmp/bsp-launcher4577797822364660786/bsp.socket...
Starting thread that pumps stdin and redirects it to the bsp server...
[0m[32m[D][0m Loading workspace settings from bloop.settings.json
[0m[32m[D][0m Waiting for a connection at local:///tmp/bsp-launcher6338813621271023089/bsp.socket...
The server is listening for incoming connections at local:///tmp/bsp-launcher6338813621271023089/bsp.socket...
Starting thread that pumps server stdout and redirects it to the client stdout...
Starting thread that pumps stdin and redirects it to the bsp server...
Starting thread that pumps server stdout and redirects it to the client stdout...
[0m2021.01.26 13:17:26 INFO  tracing is disabled for protocol BSP, to enable tracing of incoming and outgoing JSON messages create an empty file at /home/amburkee/.cache/metals/bsp.trace.json[0m
[0m2021.01.26 13:17:26 INFO  tracing is disabled for protocol BSP, to enable tracing of incoming and outgoing JSON messages create an empty file at /home/amburkee/.cache/metals/bsp.trace.json[0m
[0m2021.01.26 13:17:26 INFO  time: connected to build server in 0.16s[0m
[0m2021.01.26 13:17:26 INFO  Connected to Build server v1.4.6-21-464e4ec4[0m
[0m2021.01.26 13:17:25 WARN  Could not find java sources in Some(/usr/lib/jvm/java-8-openjdk-amd64). Java symbols will not be available.[0m
[0m2021.01.26 13:17:25 INFO  time: indexed workspace in 0.5s[0m
[0m2021.01.26 13:17:25 INFO  compiling root (3 scala sources)[0m
[0m2021.01.26 13:17:30 INFO  time: compiled root in 3.56s[0m
