[0m2021.01.26 14:32:03 INFO  Started: Metals version 0.9.10 in workspace '/home/amburkee/Project1/clickstreamprocessor' for client vscode 1.52.1.[0m
[0m2021.01.26 14:32:04 INFO  time: initialize in 0.43s[0m
[0m2021.01.26 14:32:04 WARN  Build server is not auto-connectable.[0m
[0m2021.01.26 14:32:04 WARN  no build target for: /home/amburkee/Project1/clickstreamprocessor/build.sbt[0m
[0m2021.01.26 14:32:06 INFO  no build target: using presentation compiler with only scala-library[0m
[0m2021.01.26 14:32:11 WARN  no build target for: /home/amburkee/Project1/clickstreamprocessor/build.sbt[0m
[0m2021.01.26 14:32:11 WARN  Unable to produce semanticdb for /home/amburkee/Project1/clickstreamprocessor/build.sbt[0m
Jan 26, 2021 2:32:37 PM org.eclipse.lsp4j.jsonrpc.RemoteEndpoint handleCancellation
WARNING: Unmatched cancel notification for request id 46
Jan 26, 2021 2:32:37 PM org.eclipse.lsp4j.jsonrpc.RemoteEndpoint handleCancellation
WARNING: Unmatched cancel notification for request id 47
[0m2021.01.26 14:32:43 WARN  code navigation does not work for the file '/home/amburkee/Project1/clickstreamprocessor/build.sbt' because it doesn't belong to a build target.[0m
[0m2021.01.26 14:32:43 WARN  code navigation does not work for the file '/home/amburkee/Project1/clickstreamprocessor/build.sbt' because it doesn't belong to a build target.[0m
[0m2021.01.26 14:32:43 WARN  no build target for: /home/amburkee/Project1/clickstreamprocessor/build.sbt[0m
[0m2021.01.26 14:32:43 WARN  Unable to produce semanticdb for /home/amburkee/Project1/clickstreamprocessor/build.sbt[0m
[0m2021.01.26 14:33:12 WARN  no build target for: /home/amburkee/Project1/clickstreamprocessor/project/plugins.sbt[0m
[0m2021.01.26 14:33:12 WARN  no build target for: /home/amburkee/Project1/clickstreamprocessor/project/plugins.sbt[0m
[0m2021.01.26 14:33:12 WARN  Unable to produce semanticdb for /home/amburkee/Project1/clickstreamprocessor/project/plugins.sbt[0m
[0m2021.01.26 14:33:28 WARN  no build target for: /home/amburkee/Project1/wc/project/plugins.sbt[0m
[0m2021.01.26 14:33:33 WARN  no build target for: /home/amburkee/Project1/clickstreamprocessor/project/plugins.sbt[0m
[0m2021.01.26 14:33:33 WARN  Unable to produce semanticdb for /home/amburkee/Project1/clickstreamprocessor/project/plugins.sbt[0m
[0m2021.01.26 14:33:56 INFO  running '/usr/lib/jvm/java-8-openjdk-amd64/bin/java -Djline.terminal=jline.UnsupportedTerminal -Dsbt.log.noformat=true -Dfile.encoding=UTF-8 -jar /tmp/metals861016766323371467/sbt-launch.jar -Dbloop.export-jar-classifiers=sources bloopInstall'[0m
[0m2021.01.26 14:33:56 WARN  no build target for: /home/amburkee/Project1/clickstreamprocessor/project/metals.sbt[0m
[0m2021.01.26 14:33:56 WARN  no build target for: /home/amburkee/Project1/clickstreamprocessor/project/project/metals.sbt[0m
[0m2021.01.26 14:33:56 WARN  Unable to produce semanticdb for /home/amburkee/Project1/clickstreamprocessor/project/metals.sbt[0m
[0m2021.01.26 14:33:56 WARN  Unable to produce semanticdb for /home/amburkee/Project1/clickstreamprocessor/project/project/metals.sbt[0m
[0m2021.01.26 14:33:57 INFO  [info] welcome to sbt 1.4.6 (Private Build Java 1.8.0_275)[0m
[0m2021.01.26 14:33:59 INFO  [info] loading settings for project clickstreamprocessor-build-build-build from metals.sbt ...[0m
[0m2021.01.26 14:33:59 INFO  [info] loading project definition from /home/amburkee/Project1/clickstreamprocessor/project/project/project[0m
[0m2021.01.26 14:34:01 INFO  [info] loading settings for project clickstreamprocessor-build-build from metals.sbt ...[0m
[0m2021.01.26 14:34:01 INFO  [info] loading project definition from /home/amburkee/Project1/clickstreamprocessor/project/project[0m
[0m2021.01.26 14:34:03 INFO  [success] Generated .bloop/clickstreamprocessor-build-build.json[0m
[0m2021.01.26 14:34:03 INFO  [success] Total time: 1 s, completed Jan 26, 2021 2:34:03 PM[0m
[0m2021.01.26 14:34:03 INFO  [info] loading settings for project clickstreamprocessor-build from metals.sbt,plugins.sbt ...[0m
[0m2021.01.26 14:34:03 INFO  [info] loading project definition from /home/amburkee/Project1/clickstreamprocessor/project[0m
[0m2021.01.26 14:34:05 INFO  [success] Generated .bloop/clickstreamprocessor-build.json[0m
[0m2021.01.26 14:34:05 INFO  [info] compiling 1 Scala source to /home/amburkee/Project1/clickstreamprocessor/project/target/scala-2.12/sbt-1.0/classes ...[0m
[0m2021.01.26 14:34:06 INFO  skipping build import with status 'Dismissed'[0m
[0m2021.01.26 14:34:07 INFO  [info] done compiling[0m
[0m2021.01.26 14:34:07 INFO  [success] Total time: 4 s, completed Jan 26, 2021 2:34:08 PM[0m
[0m2021.01.26 14:34:09 INFO  [info] loading settings for project root from build.sbt ...[0m
[0m2021.01.26 14:34:09 INFO  [info] set current project to clickstreamporcessor (in build file:/home/amburkee/Project1/clickstreamprocessor/)[0m
[0m2021.01.26 14:34:09 INFO  [warn] There may be incompatibilities among your library dependencies; run 'evicted' to see detailed eviction warnings.[0m
[0m2021.01.26 14:34:09 INFO  [warn] There may be incompatibilities among your library dependencies; run 'evicted' to see detailed eviction warnings.[0m
[0m2021.01.26 14:34:10 INFO  [success] Generated .bloop/root.json[0m
[0m2021.01.26 14:34:10 INFO  [success] Generated .bloop/root-test.json[0m
[0m2021.01.26 14:34:10 INFO  [success] Total time: 1 s, completed Jan 26, 2021 2:34:10 PM[0m
[0m2021.01.26 14:34:10 INFO  sbt bloopInstall exit: 0[0m
[0m2021.01.26 14:34:11 INFO  time: ran 'sbt bloopInstall' in 15s[0m
[0m2021.01.26 14:34:11 INFO  Attempting to connect to the build server...[0m
Starting the bsp launcher for bloop...
Opening a bsp server connection with 'bsp --protocol local --socket /tmp/bsp-launcher6551896114714278052/bsp.socket'...
Waiting for the bsp connection to come up...
[0m[32m[D][0m Loading 2 projects from '/home/amburkee/Project1/clickstreamprocessor/.bloop'...
[0m[32m[D][0m Loading project from '/home/amburkee/Project1/clickstreamprocessor/.bloop/root-test.json'
[0m[32m[D][0m Loading project from '/home/amburkee/Project1/clickstreamprocessor/.bloop/root.json'
[0m[32m[D][0m Missing analysis file for project 'root-test'
[0m[32m[D][0m Missing analysis file for project 'root'
[0m[32m[D][0m Waiting for a connection at local:///tmp/bsp-launcher6551896114714278052/bsp.socket...
The server is listening for incoming connections at local:///tmp/bsp-launcher6551896114714278052/bsp.socket...
Starting thread that pumps stdin and redirects it to the bsp server...
Starting thread that pumps server stdout and redirects it to the client stdout...
[0m2021.01.26 14:34:11 INFO  tracing is disabled for protocol BSP, to enable tracing of incoming and outgoing JSON messages create an empty file at /home/amburkee/.cache/metals/bsp.trace.json[0m
[0m2021.01.26 14:34:11 INFO  Attempting to connect to the build server...[0m
Starting the bsp launcher for bloop...[0m
2021.01.26 14:34:11 INFO  Attempting to connect to the build server...[0m
Opening a bsp server connection with 'bsp --protocol local --socket /tmp/bsp-launcher8761148110747451993/bsp.socket'...
Waiting for the bsp connection to come up...
Starting the bsp launcher for bloop...
Opening a bsp server connection with 'bsp --protocol local --socket /tmp/bsp-launcher2969096424362835392/bsp.socket'...
Waiting for the bsp connection to come up...
[0m[32m[D][0m Loading workspace settings from bloop.settings.json
[0m[32m[D][0m Waiting for a connection at local:///tmp/bsp-launcher8761148110747451993/bsp.socket...
The server is listening for incoming connections at local:///tmp/bsp-launcher8761148110747451993/bsp.socket...
Starting thread that pumps stdin and redirects it to the bsp server...
Starting thread that pumps server stdout and redirects it to the client stdout...
[0m2021.01.26 14:34:11 INFO  tracing is disabled for protocol BSP, to enable tracing of incoming and outgoing JSON messages create an empty file at /home/amburkee/.cache/metals/bsp.trace.json[0m
[0m[32m[D][0m Loading workspace settings from bloop.settings.json
[0m[32m[D][0m Waiting for a connection at local:///tmp/bsp-launcher2969096424362835392/bsp.socket...
The server is listening for incoming connections at local:///tmp/bsp-launcher2969096424362835392/bsp.socket...
Starting thread that pumps stdin and redirects it to the bsp server...
Starting thread that pumps server stdout and redirects it to the client stdout...
[0m2021.01.26 14:34:11 INFO  tracing is disabled for protocol BSP, to enable tracing of incoming and outgoing JSON messages create an empty file at /home/amburkee/.cache/metals/bsp.trace.json[0m
[0m2021.01.26 14:34:11 INFO  time: connected to build server in 0.25s[0m
[0m2021.01.26 14:34:11 INFO  Connected to Build server v1.4.6-21-464e4ec4[0m
[0m2021.01.26 14:34:12 WARN  Could not find java sources in Some(/usr/lib/jvm/java-8-openjdk-amd64). Java symbols will not be available.[0m
[0m2021.01.26 14:34:14 INFO  time: indexed workspace in 2.72s[0m
[0m2021.01.26 14:34:24 INFO  compiling root (1 scala source)[0m
[0m2021.01.26 14:34:24 INFO  time: compiled root in 0.49s[0m
Jan 26, 2021 2:34:29 PM org.eclipse.lsp4j.jsonrpc.RemoteEndpoint handleCancellation
WARNING: Unmatched cancel notification for request id 102
something's wrong: no file:///home/amburkee/Project1/clickstreamprocessor/src/main/scala/example/CspDriver.scala in Array[<error>]RangePosition(file:///home/amburkee/Project1/clickstreamprocessor/src/main/scala/example/CspDriver.scala, 54, 54, 69)
something's wrong: no file:///home/amburkee/Project1/clickstreamprocessor/src/main/scala/example/CspDriver.scala in Array[<error>]RangePosition(file:///home/amburkee/Project1/clickstreamprocessor/src/main/scala/example/CspDriver.scala, 54, 54, 62)
something's wrong: no file:///home/amburkee/Project1/clickstreamprocessor/src/main/scala/example/CspDriver.scala in Array[<error>]RangePosition(file:///home/amburkee/Project1/clickstreamprocessor/src/main/scala/example/CspDriver.scala, 54, 54, 63)
something's wrong: no file:///home/amburkee/Project1/clickstreamprocessor/src/main/scala/example/CspDriver.scala in Array[<error>]RangePosition(file:///home/amburkee/Project1/clickstreamprocessor/src/main/scala/example/CspDriver.scala, 54, 54, 64)
something's wrong: no file:///home/amburkee/Project1/clickstreamprocessor/src/main/scala/example/CspDriver.scala in Array[String]RangePosition(file:///home/amburkee/Project1/clickstreamprocessor/src/main/scala/example/CspDriver.scala, 54, 54, 67)
something's wrong: no file:///home/amburkee/Project1/clickstreamprocessor/src/main/scala/example/CspDriver.scala in Array[String]RangePosition(file:///home/amburkee/Project1/clickstreamprocessor/src/main/scala/example/CspDriver.scala, 54, 54, 67)
something's wrong: no file:///home/amburkee/Project1/clickstreamprocessor/src/main/scala/example/CspDriver.scala in Array[String]RangePosition(file:///home/amburkee/Project1/clickstreamprocessor/src/main/scala/example/CspDriver.scala, 54, 54, 67)
Jan 26, 2021 2:35:03 PM org.eclipse.lsp4j.jsonrpc.RemoteEndpoint handleCancellation
WARNING: Unmatched cancel notification for request id 281
[0m2021.01.26 14:35:08 INFO  compiling root (1 scala source)[0m
[0m2021.01.26 14:35:09 INFO  time: compiled root in 1s[0m
[0m2021.01.26 14:40:12 WARN  no build target for: /home/amburkee/Project1/wc/src/main/scala/example/WcDriver.scala[0m
[0m2021.01.26 14:41:54 INFO  compiling root (1 scala source)[0m
[0m2021.01.26 14:41:54 INFO  time: compiled root in 0.16s[0m
[0m2021.01.26 14:42:08 INFO  compiling root (1 scala source)[0m
[0m2021.01.26 14:42:08 INFO  time: compiled root in 0.17s[0m
[0m2021.01.26 14:42:31 INFO  compiling root (1 scala source)[0m
[0m2021.01.26 14:42:31 INFO  time: compiled root in 0.15s[0m
[0m2021.01.26 14:43:00 INFO  compiling root (1 scala source)[0m
[0m2021.01.26 14:43:00 INFO  time: compiled root in 0.14s[0m
[0m2021.01.26 14:43:59 WARN  no build target for: /home/amburkee/Project1/wc/src/main/scala/example/WordMapper.scala[0m
[0m2021.01.26 14:44:10 WARN  no build target for: /home/amburkee/Project1/wc/src/main/scala/example/WordReducer.scala[0m
[0m2021.01.26 14:45:05 INFO  compiling root (2 scala sources)[0m
[0m2021.01.26 14:45:05 INFO  time: compiled root in 0.13s[0m
[0m2021.01.26 14:45:05 INFO  compiling root (2 scala sources)[0m
[0m2021.01.26 14:45:05 INFO  time: compiled root in 97ms[0m
[0m2021.01.26 14:45:15 INFO  compiling root (3 scala sources)[0m
[0m2021.01.26 14:45:15 INFO  time: compiled root in 0.13s[0m
[0m2021.01.26 14:45:15 INFO  compiling root (3 scala sources)[0m
[0m2021.01.26 14:45:15 INFO  time: compiled root in 98ms[0m
[0m2021.01.26 14:45:19 INFO  compiling root (3 scala sources)[0m
[0m2021.01.26 14:45:19 INFO  time: compiled root in 0.12s[0m
Jan 26, 2021 2:45:19 PM org.eclipse.lsp4j.jsonrpc.RemoteEndpoint handleCancellation
WARNING: Unmatched cancel notification for request id 547
[0m2021.01.26 14:45:19 INFO  compiling root (3 scala sources)[0m
[0m2021.01.26 14:45:19 INFO  time: compiled root in 95ms[0m
Jan 26, 2021 2:45:33 PM org.eclipse.lsp4j.jsonrpc.RemoteEndpoint handleCancellation
WARNING: Unmatched cancel notification for request id 564
[0m2021.01.26 14:46:02 INFO  compiling root (3 scala sources)[0m
[0m2021.01.26 14:46:02 INFO  time: compiled root in 0.16s[0m
[0m2021.01.26 14:46:14 INFO  compiling root (3 scala sources)[0m
[0m2021.01.26 14:46:14 INFO  time: compiled root in 0.12s[0m
[0m2021.01.26 14:46:33 INFO  compiling root (3 scala sources)[0m
[0m2021.01.26 14:46:33 INFO  time: compiled root in 0.15s[0m
[0m2021.01.26 14:46:44 INFO  compiling root (3 scala sources)[0m
[0m2021.01.26 14:46:44 INFO  time: compiled root in 0.14s[0m
[0m2021.01.26 14:46:46 INFO  compiling root (3 scala sources)[0m
[0m2021.01.26 14:46:46 INFO  time: compiled root in 0.15s[0m
[0m2021.01.26 14:46:46 INFO  compiling root (3 scala sources)[0m
[0m2021.01.26 14:46:46 INFO  time: compiled root in 0.13s[0m
[0m2021.01.26 14:46:56 INFO  compiling root (3 scala sources)[0m
[0m2021.01.26 14:46:56 INFO  time: compiled root in 0.14s[0m
[0m2021.01.26 14:47:06 INFO  compiling root (3 scala sources)[0m
[0m2021.01.26 14:47:06 INFO  time: compiled root in 0.14s[0m
[0m2021.01.26 14:47:14 INFO  compiling root (3 scala sources)[0m
[0m2021.01.26 14:47:14 INFO  time: compiled root in 0.12s[0m
Jan 26, 2021 2:47:31 PM org.eclipse.lsp4j.jsonrpc.RemoteEndpoint handleCancellation
WARNING: Unmatched cancel notification for request id 771
[0m2021.01.26 14:47:39 INFO  compiling root (3 scala sources)[0m
[0m2021.01.26 14:47:39 INFO  time: compiled root in 0.82s[0m
[0m2021.01.26 14:51:38 INFO  compiling root (1 scala source)[0m
[0m2021.01.26 14:51:38 INFO  time: compiled root in 0.6s[0m
[0m2021.01.26 14:55:31 INFO  compiling root (3 scala sources)[0m
[0m2021.01.26 14:55:31 INFO  time: compiled root in 0.8s[0m
[0m2021.01.26 14:55:34 INFO  compiling root (1 scala source)[0m
[0m2021.01.26 14:55:34 INFO  time: compiled root in 0.57s[0m
Jan 26, 2021 2:55:50 PM org.eclipse.lsp4j.jsonrpc.RemoteEndpoint handleCancellation
WARNING: Unmatched cancel notification for request id 962
Jan 26, 2021 2:55:52 PM org.eclipse.lsp4j.jsonrpc.RemoteEndpoint handleCancellation
WARNING: Unmatched cancel notification for request id 977
Jan 26, 2021 2:55:54 PM org.eclipse.lsp4j.jsonrpc.RemoteEndpoint handleCancellation
WARNING: Unmatched cancel notification for request id 990
[0m2021.01.26 14:56:03 INFO  compiling root (1 scala source)[0m
[0m2021.01.26 14:56:03 INFO  time: compiled root in 50ms[0m
Jan 26, 2021 2:56:12 PM org.eclipse.lsp4j.jsonrpc.RemoteEndpoint handleCancellation
WARNING: Unmatched cancel notification for request id 1047
[0m2021.01.26 14:56:32 INFO  /home/amburkee/Project1/clickstreamprocessor/src/main/scala/example/PrevLinkCountMapper.scala:5:42: stale bloop error: identifier expected but ']' found.
class PrevLinkCountMapper extends Mapper[] {
                                         ^[0m
[0m2021.01.26 14:56:32 INFO  /home/amburkee/Project1/clickstreamprocessor/src/main/scala/example/PrevLinkCountMapper.scala:7:2: stale bloop error: ']' expected but eof found.
}
 ^[0m
[0m2021.01.26 14:56:32 INFO  /home/amburkee/Project1/clickstreamprocessor/src/main/scala/example/PrevLinkCountMapper.scala:5:42: stale bloop error: identifier expected but ']' found.
class PrevLinkCountMapper extends Mapper[] {
                                         ^[0m
[0m2021.01.26 14:56:32 INFO  /home/amburkee/Project1/clickstreamprocessor/src/main/scala/example/PrevLinkCountMapper.scala:7:2: stale bloop error: ']' expected but eof found.
}
 ^[0m
[0m2021.01.26 14:56:32 INFO  /home/amburkee/Project1/clickstreamprocessor/src/main/scala/example/PrevLinkCountMapper.scala:5:42: stale bloop error: identifier expected but ']' found.
class PrevLinkCountMapper extends Mapper[] {
                                         ^[0m
[0m2021.01.26 14:56:32 INFO  /home/amburkee/Project1/clickstreamprocessor/src/main/scala/example/PrevLinkCountMapper.scala:7:2: stale bloop error: ']' expected but eof found.
}
 ^[0m
[0m2021.01.26 14:56:32 INFO  /home/amburkee/Project1/clickstreamprocessor/src/main/scala/example/PrevLinkCountMapper.scala:5:42: stale bloop error: identifier expected but ']' found.
class PrevLinkCountMapper extends Mapper[] {
                                         ^[0m
[0m2021.01.26 14:56:32 INFO  /home/amburkee/Project1/clickstreamprocessor/src/main/scala/example/PrevLinkCountMapper.scala:7:2: stale bloop error: ']' expected but eof found.
}
 ^[0m
[0m2021.01.26 14:56:34 INFO  /home/amburkee/Project1/clickstreamprocessor/src/main/scala/example/PrevLinkCountMapper.scala:5:42: stale bloop error: identifier expected but ']' found.
class PrevLinkCountMapper extends Mapper[] {
                                         ^[0m
[0m2021.01.26 14:56:34 INFO  /home/amburkee/Project1/clickstreamprocessor/src/main/scala/example/PrevLinkCountMapper.scala:7:2: stale bloop error: ']' expected but eof found.
}
 ^[0m
[0m2021.01.26 14:56:34 INFO  /home/amburkee/Project1/clickstreamprocessor/src/main/scala/example/PrevLinkCountMapper.scala:5:42: stale bloop error: identifier expected but ']' found.
class PrevLinkCountMapper extends Mapper[] {
                                         ^[0m
[0m2021.01.26 14:56:34 INFO  /home/amburkee/Project1/clickstreamprocessor/src/main/scala/example/PrevLinkCountMapper.scala:7:2: stale bloop error: ']' expected but eof found.
}
 ^[0m
Jan 26, 2021 2:57:38 PM org.eclipse.lsp4j.jsonrpc.RemoteEndpoint handleCancellation
WARNING: Unmatched cancel notification for request id 1380
[0m2021.01.26 14:58:00 INFO  compiling root (1 scala source)[0m
[0m2021.01.26 14:58:00 INFO  time: compiled root in 45ms[0m
something's wrong: no file:///home/amburkee/Project1/clickstreamprocessor/src/main/scala/example/PrevLinkCountMapper.scala in org.apache.hadoop.mapred.Mapper[org.apache.hadoop.io.LongWritable,javax.xml.soap.Text,javax.xml.soap.Text,<error>]RangePosition(file:///home/amburkee/Project1/clickstreamprocessor/src/main/scala/example/PrevLinkCountMapper.scala, 335, 335, 376)
something's wrong: no file:///home/amburkee/Project1/clickstreamprocessor/src/main/scala/example/PrevLinkCountMapper.scala in org.apache.hadoop.mapred.Mapper[org.apache.hadoop.io.LongWritable,javax.xml.soap.Text,javax.xml.soap.Text,<error>]RangePosition(file:///home/amburkee/Project1/clickstreamprocessor/src/main/scala/example/PrevLinkCountMapper.scala, 335, 335, 377)
something's wrong: no file:///home/amburkee/Project1/clickstreamprocessor/src/main/scala/example/PrevLinkCountMapper.scala in org.apache.hadoop.mapred.Mapper[org.apache.hadoop.io.LongWritable,javax.xml.soap.Text,javax.xml.soap.Text,<error>]RangePosition(file:///home/amburkee/Project1/clickstreamprocessor/src/main/scala/example/PrevLinkCountMapper.scala, 335, 335, 370)
something's wrong: no file:///home/amburkee/Project1/clickstreamprocessor/src/main/scala/example/PrevLinkCountMapper.scala in org.apache.hadoop.mapred.Mapper[org.apache.hadoop.io.LongWritable,javax.xml.soap.Text,javax.xml.soap.Text,<error>]RangePosition(file:///home/amburkee/Project1/clickstreamprocessor/src/main/scala/example/PrevLinkCountMapper.scala, 335, 335, 371)
Jan 26, 2021 2:58:26 PM org.eclipse.lsp4j.jsonrpc.RemoteEndpoint handleCancellation
WARNING: Unmatched cancel notification for request id 1518
something's wrong: no file:///home/amburkee/Project1/clickstreamprocessor/src/main/scala/example/PrevLinkCountMapper.scala in org.apache.hadoop.mapred.Mapper[org.apache.hadoop.io.LongWritable,javax.xml.soap.Text,javax.xml.soap.Text,javax.xml.soap.Text]RangePosition(file:///home/amburkee/Project1/clickstreamprocessor/src/main/scala/example/PrevLinkCountMapper.scala, 335, 335, 373)
[0m2021.01.26 14:58:27 INFO  compiling root (1 scala source)[0m
[0m2021.01.26 14:58:27 INFO  time: compiled root in 68ms[0m
Jan 26, 2021 2:59:02 PM org.eclipse.lsp4j.jsonrpc.RemoteEndpoint handleCancellation
WARNING: Unmatched cancel notification for request id 1566
something's wrong: no file:///home/amburkee/Project1/clickstreamprocessor/src/main/scala/example/PrevLinkCountMapper.scala in org.apache.hadoop.mapred.OutputCollector[javax.xml.soap.Text,javax.xml.soap.Text]RangePosition(file:///home/amburkee/Project1/clickstreamprocessor/src/main/scala/example/PrevLinkCountMapper.scala, 505, 505, 531)
something's wrong: no file:///home/amburkee/Project1/clickstreamprocessor/src/main/scala/example/PrevLinkCountMapper.scala in org.apache.hadoop.mapred.OutputCollector[javax.xml.soap.Text,javax.xml.soap.Text]RangePosition(file:///home/amburkee/Project1/clickstreamprocessor/src/main/scala/example/PrevLinkCountMapper.scala, 505, 505, 531)
[0m2021.01.26 14:59:52 INFO  compiling root (1 scala source)[0m
[0m2021.01.26 14:59:52 INFO  time: compiled root in 68ms[0m
Jan 26, 2021 3:00:06 PM org.eclipse.lsp4j.jsonrpc.RemoteEndpoint handleCancellation
WARNING: Unmatched cancel notification for request id 1696
[0m2021.01.26 15:00:46 INFO  compiling root (1 scala source)[0m
[0m2021.01.26 15:00:46 INFO  time: compiled root in 49ms[0m
Jan 26, 2021 3:00:52 PM org.eclipse.lsp4j.jsonrpc.RemoteEndpoint handleCancellation
WARNING: Unmatched cancel notification for request id 1820
Jan 26, 2021 3:00:52 PM org.eclipse.lsp4j.jsonrpc.RemoteEndpoint handleCancellation
WARNING: Unmatched cancel notification for request id 1819
[0m2021.01.26 15:01:13 INFO  compiling root (1 scala source)[0m
[0m2021.01.26 15:01:13 INFO  time: compiled root in 48ms[0m
[0m2021.01.26 15:01:16 INFO  compiling root (1 scala source)[0m
[0m2021.01.26 15:01:16 INFO  time: compiled root in 46ms[0m
something's wrong: no file:///home/amburkee/Project1/clickstreamprocessor/src/main/scala/example/PrevLinkCountMapper.scala in org.apache.hadoop.mapred.Mapper[org.apache.hadoop.io.LongWritable,javax.xml.soap.Text,javax.xml.soap.Text,javax.xml.soap.Text]RangePosition(file:///home/amburkee/Project1/clickstreamprocessor/src/main/scala/example/PrevLinkCountMapper.scala, 511, 511, 549)
[0m2021.01.26 15:01:40 INFO  compiling root (1 scala source)[0m
[0m2021.01.26 15:01:40 INFO  time: compiled root in 61ms[0m
Jan 26, 2021 3:01:52 PM org.eclipse.lsp4j.jsonrpc.RemoteEndpoint handleCancellation
WARNING: Unmatched cancel notification for request id 1963
[0m2021.01.26 15:02:10 INFO  compiling root (1 scala source)[0m
[0m2021.01.26 15:02:10 INFO  time: compiled root in 68ms[0m
something's wrong: no file:///home/amburkee/Project1/clickstreamprocessor/src/main/scala/example/PrevLinkCountMapper.scala in org.apache.hadoop.mapred.Mapper[org.apache.hadoop.io.LongWritable,org.apache.hadoop.io.Text,org.apache.hadoop.io.Text,org.apache.hadoop.io.Text]RangePosition(file:///home/amburkee/Project1/clickstreamprocessor/src/main/scala/example/PrevLinkCountMapper.scala, 517, 517, 555)
something's wrong: no file:///home/amburkee/Project1/clickstreamprocessor/src/main/scala/example/PrevLinkCountMapper.scala in org.apache.hadoop.mapred.Mapper[org.apache.hadoop.io.LongWritable,org.apache.hadoop.io.Text,org.apache.hadoop.io.Text,org.apache.hadoop.io.Text]RangePosition(file:///home/amburkee/Project1/clickstreamprocessor/src/main/scala/example/PrevLinkCountMapper.scala, 517, 517, 555)
[0m2021.01.26 15:02:44 INFO  compiling root (1 scala source)[0m
[0m2021.01.26 15:02:44 INFO  time: compiled root in 71ms[0m
[0m2021.01.26 15:03:16 INFO  compiling root (1 scala source)[0m
[0m2021.01.26 15:03:16 INFO  time: compiled root in 62ms[0m
[0m2021.01.26 15:03:58 INFO  compiling root (1 scala source)[0m
[0m2021.01.26 15:03:58 INFO  time: compiled root in 64ms[0m
[0m2021.01.26 15:04:22 INFO  /home/amburkee/Project1/clickstreamprocessor/src/main/scala/example/PrevLinkCountMapper.scala:18:14: stale bloop error: type Context is not a member of org.apache.hadoop.mapred.Mapper[org.apache.hadoop.io.LongWritable,org.apache.hadoop.io.Text,org.apache.hadoop.io.Text,org.apache.hadoop.io.Text]
    context: Mapper[LongWritable, Text, Text, Text]#Context
             ^^^^^^^^^^^^^^^^^^^^^^^^^^^^^^^^^^^^^^^^^^^^^^[0m
[0m2021.01.26 15:04:22 INFO  /home/amburkee/Project1/clickstreamprocessor/src/main/scala/example/PrevLinkCountMapper.scala:18:14: stale bloop error: type Context is not a member of org.apache.hadoop.mapred.Mapper[org.apache.hadoop.io.LongWritable,org.apache.hadoop.io.Text,org.apache.hadoop.io.Text,org.apache.hadoop.io.Text]
    context: Mapper[LongWritable, Text, Text, Text]#Context
             ^^^^^^^^^^^^^^^^^^^^^^^^^^^^^^^^^^^^^^^^^^^^^^[0m
[0m2021.01.26 15:04:26 INFO  /home/amburkee/Project1/clickstreamprocessor/src/main/scala/example/PrevLinkCountMapper.scala:18:14: stale bloop error: type Context is not a member of org.apache.hadoop.mapred.Mapper[org.apache.hadoop.io.LongWritable,org.apache.hadoop.io.Text,org.apache.hadoop.io.Text,org.apache.hadoop.io.Text]
    context: Mapper[LongWritable, Text, Text, Text]#Context
             ^^^^^^^^^^^^^^^^^^^^^^^^^^^^^^^^^^^^^^^^^^^^^^[0m
[0m2021.01.26 15:04:26 INFO  /home/amburkee/Project1/clickstreamprocessor/src/main/scala/example/PrevLinkCountMapper.scala:18:14: stale bloop error: type Context is not a member of org.apache.hadoop.mapred.Mapper[org.apache.hadoop.io.LongWritable,org.apache.hadoop.io.Text,org.apache.hadoop.io.Text,org.apache.hadoop.io.Text]
    context: Mapper[LongWritable, Text, Text, Text]#Context
             ^^^^^^^^^^^^^^^^^^^^^^^^^^^^^^^^^^^^^^^^^^^^^^[0m
[0m2021.01.26 15:04:32 INFO  /home/amburkee/Project1/clickstreamprocessor/src/main/scala/example/PrevLinkCountMapper.scala:18:14: stale bloop error: type Context is not a member of org.apache.hadoop.mapred.Mapper[org.apache.hadoop.io.LongWritable,org.apache.hadoop.io.Text,org.apache.hadoop.io.Text,org.apache.hadoop.io.Text]
    context: Mapper[LongWritable, Text, Text, Text]#Context
             ^^^^^^^^^^^^^^^^^^^^^^^^^^^^^^^^^^^^^^^^^^^^^^[0m
[0m2021.01.26 15:04:32 INFO  /home/amburkee/Project1/clickstreamprocessor/src/main/scala/example/PrevLinkCountMapper.scala:18:14: stale bloop error: type Context is not a member of org.apache.hadoop.mapred.Mapper[org.apache.hadoop.io.LongWritable,org.apache.hadoop.io.Text,org.apache.hadoop.io.Text,org.apache.hadoop.io.Text]
    context: Mapper[LongWritable, Text, Text, Text]#Context
             ^^^^^^^^^^^^^^^^^^^^^^^^^^^^^^^^^^^^^^^^^^^^^^[0m
[0m2021.01.26 15:04:36 INFO  /home/amburkee/Project1/clickstreamprocessor/src/main/scala/example/PrevLinkCountMapper.scala:18:14: stale bloop error: type Context is not a member of org.apache.hadoop.mapred.Mapper[org.apache.hadoop.io.LongWritable,org.apache.hadoop.io.Text,org.apache.hadoop.io.Text,org.apache.hadoop.io.Text]
    context: Mapper[LongWritable, Text, Text, Text]#Context
             ^^^^^^^^^^^^^^^^^^^^^^^^^^^^^^^^^^^^^^^^^^^^^^[0m
[0m2021.01.26 15:04:36 INFO  /home/amburkee/Project1/clickstreamprocessor/src/main/scala/example/PrevLinkCountMapper.scala:18:14: stale bloop error: type Context is not a member of org.apache.hadoop.mapred.Mapper[org.apache.hadoop.io.LongWritable,org.apache.hadoop.io.Text,org.apache.hadoop.io.Text,org.apache.hadoop.io.Text]
    context: Mapper[LongWritable, Text, Text, Text]#Context
             ^^^^^^^^^^^^^^^^^^^^^^^^^^^^^^^^^^^^^^^^^^^^^^[0m
[0m2021.01.26 15:04:38 INFO  /home/amburkee/Project1/clickstreamprocessor/src/main/scala/example/PrevLinkCountMapper.scala:18:14: stale bloop error: type Context is not a member of org.apache.hadoop.mapred.Mapper[org.apache.hadoop.io.LongWritable,org.apache.hadoop.io.Text,org.apache.hadoop.io.Text,org.apache.hadoop.io.Text]
    context: Mapper[LongWritable, Text, Text, Text]#Context
             ^^^^^^^^^^^^^^^^^^^^^^^^^^^^^^^^^^^^^^^^^^^^^^[0m
[0m2021.01.26 15:04:38 INFO  /home/amburkee/Project1/clickstreamprocessor/src/main/scala/example/PrevLinkCountMapper.scala:18:14: stale bloop error: type Context is not a member of org.apache.hadoop.mapred.Mapper[org.apache.hadoop.io.LongWritable,org.apache.hadoop.io.Text,org.apache.hadoop.io.Text,org.apache.hadoop.io.Text]
    context: Mapper[LongWritable, Text, Text, Text]#Context
             ^^^^^^^^^^^^^^^^^^^^^^^^^^^^^^^^^^^^^^^^^^^^^^[0m
[0m2021.01.26 15:04:46 INFO  /home/amburkee/Project1/clickstreamprocessor/src/main/scala/example/PrevLinkCountMapper.scala:18:14: stale bloop error: type Context is not a member of org.apache.hadoop.mapred.Mapper[org.apache.hadoop.io.LongWritable,org.apache.hadoop.io.Text,org.apache.hadoop.io.Text,org.apache.hadoop.io.Text]
    context: Mapper[LongWritable, Text, Text, Text]#Context
             ^^^^^^^^^^^^^^^^^^^^^^^^^^^^^^^^^^^^^^^^^^^^^^[0m
[0m2021.01.26 15:04:46 INFO  /home/amburkee/Project1/clickstreamprocessor/src/main/scala/example/PrevLinkCountMapper.scala:18:14: stale bloop error: type Context is not a member of org.apache.hadoop.mapred.Mapper[org.apache.hadoop.io.LongWritable,org.apache.hadoop.io.Text,org.apache.hadoop.io.Text,org.apache.hadoop.io.Text]
    context: Mapper[LongWritable, Text, Text, Text]#Context
             ^^^^^^^^^^^^^^^^^^^^^^^^^^^^^^^^^^^^^^^^^^^^^^[0m
[0m2021.01.26 15:04:46 INFO  /home/amburkee/Project1/clickstreamprocessor/src/main/scala/example/PrevLinkCountMapper.scala:18:14: stale bloop error: type Context is not a member of org.apache.hadoop.mapred.Mapper[org.apache.hadoop.io.LongWritable,org.apache.hadoop.io.Text,org.apache.hadoop.io.Text,org.apache.hadoop.io.Text]
    context: Mapper[LongWritable, Text, Text, Text]#Context
             ^^^^^^^^^^^^^^^^^^^^^^^^^^^^^^^^^^^^^^^^^^^^^^[0m
[0m2021.01.26 15:04:46 INFO  /home/amburkee/Project1/clickstreamprocessor/src/main/scala/example/PrevLinkCountMapper.scala:18:14: stale bloop error: type Context is not a member of org.apache.hadoop.mapred.Mapper[org.apache.hadoop.io.LongWritable,org.apache.hadoop.io.Text,org.apache.hadoop.io.Text,org.apache.hadoop.io.Text]
    context: Mapper[LongWritable, Text, Text, Text]#Context
             ^^^^^^^^^^^^^^^^^^^^^^^^^^^^^^^^^^^^^^^^^^^^^^[0m
[0m2021.01.26 15:04:48 INFO  /home/amburkee/Project1/clickstreamprocessor/src/main/scala/example/PrevLinkCountMapper.scala:18:14: stale bloop error: type Context is not a member of org.apache.hadoop.mapred.Mapper[org.apache.hadoop.io.LongWritable,org.apache.hadoop.io.Text,org.apache.hadoop.io.Text,org.apache.hadoop.io.Text]
    context: Mapper[LongWritable, Text, Text, Text]#Context
             ^^^^^^^^^^^^^^^^^^^^^^^^^^^^^^^^^^^^^^^^^^^^^^[0m
[0m2021.01.26 15:04:48 INFO  /home/amburkee/Project1/clickstreamprocessor/src/main/scala/example/PrevLinkCountMapper.scala:18:14: stale bloop error: type Context is not a member of org.apache.hadoop.mapred.Mapper[org.apache.hadoop.io.LongWritable,org.apache.hadoop.io.Text,org.apache.hadoop.io.Text,org.apache.hadoop.io.Text]
    context: Mapper[LongWritable, Text, Text, Text]#Context
             ^^^^^^^^^^^^^^^^^^^^^^^^^^^^^^^^^^^^^^^^^^^^^^[0m
[0m2021.01.26 15:04:48 INFO  /home/amburkee/Project1/clickstreamprocessor/src/main/scala/example/PrevLinkCountMapper.scala:18:14: stale bloop error: type Context is not a member of org.apache.hadoop.mapred.Mapper[org.apache.hadoop.io.LongWritable,org.apache.hadoop.io.Text,org.apache.hadoop.io.Text,org.apache.hadoop.io.Text]
    context: Mapper[LongWritable, Text, Text, Text]#Context
             ^^^^^^^^^^^^^^^^^^^^^^^^^^^^^^^^^^^^^^^^^^^^^^[0m
[0m2021.01.26 15:04:48 INFO  /home/amburkee/Project1/clickstreamprocessor/src/main/scala/example/PrevLinkCountMapper.scala:18:14: stale bloop error: type Context is not a member of org.apache.hadoop.mapred.Mapper[org.apache.hadoop.io.LongWritable,org.apache.hadoop.io.Text,org.apache.hadoop.io.Text,org.apache.hadoop.io.Text]
    context: Mapper[LongWritable, Text, Text, Text]#Context
             ^^^^^^^^^^^^^^^^^^^^^^^^^^^^^^^^^^^^^^^^^^^^^^[0m
[0m2021.01.26 15:04:48 INFO  /home/amburkee/Project1/clickstreamprocessor/src/main/scala/example/PrevLinkCountMapper.scala:18:14: stale bloop error: type Context is not a member of org.apache.hadoop.mapred.Mapper[org.apache.hadoop.io.LongWritable,org.apache.hadoop.io.Text,org.apache.hadoop.io.Text,org.apache.hadoop.io.Text]
    context: Mapper[LongWritable, Text, Text, Text]#Context
             ^^^^^^^^^^^^^^^^^^^^^^^^^^^^^^^^^^^^^^^^^^^^^^[0m
[0m2021.01.26 15:04:48 INFO  /home/amburkee/Project1/clickstreamprocessor/src/main/scala/example/PrevLinkCountMapper.scala:18:14: stale bloop error: type Context is not a member of org.apache.hadoop.mapred.Mapper[org.apache.hadoop.io.LongWritable,org.apache.hadoop.io.Text,org.apache.hadoop.io.Text,org.apache.hadoop.io.Text]
    context: Mapper[LongWritable, Text, Text, Text]#Context
             ^^^^^^^^^^^^^^^^^^^^^^^^^^^^^^^^^^^^^^^^^^^^^^[0m
[0m2021.01.26 15:04:50 INFO  /home/amburkee/Project1/clickstreamprocessor/src/main/scala/example/PrevLinkCountMapper.scala:18:14: stale bloop error: type Context is not a member of org.apache.hadoop.mapred.Mapper[org.apache.hadoop.io.LongWritable,org.apache.hadoop.io.Text,org.apache.hadoop.io.Text,org.apache.hadoop.io.Text]
    context: Mapper[LongWritable, Text, Text, Text]#Context
             ^^^^^^^^^^^^^^^^^^^^^^^^^^^^^^^^^^^^^^^^^^^^^^[0m
[0m2021.01.26 15:04:50 INFO  /home/amburkee/Project1/clickstreamprocessor/src/main/scala/example/PrevLinkCountMapper.scala:18:14: stale bloop error: type Context is not a member of org.apache.hadoop.mapred.Mapper[org.apache.hadoop.io.LongWritable,org.apache.hadoop.io.Text,org.apache.hadoop.io.Text,org.apache.hadoop.io.Text]
    context: Mapper[LongWritable, Text, Text, Text]#Context
             ^^^^^^^^^^^^^^^^^^^^^^^^^^^^^^^^^^^^^^^^^^^^^^[0m
[0m2021.01.26 15:04:50 INFO  /home/amburkee/Project1/clickstreamprocessor/src/main/scala/example/PrevLinkCountMapper.scala:18:14: stale bloop error: type Context is not a member of org.apache.hadoop.mapred.Mapper[org.apache.hadoop.io.LongWritable,org.apache.hadoop.io.Text,org.apache.hadoop.io.Text,org.apache.hadoop.io.Text]
    context: Mapper[LongWritable, Text, Text, Text]#Context
             ^^^^^^^^^^^^^^^^^^^^^^^^^^^^^^^^^^^^^^^^^^^^^^[0m
[0m2021.01.26 15:04:50 INFO  /home/amburkee/Project1/clickstreamprocessor/src/main/scala/example/PrevLinkCountMapper.scala:18:14: stale bloop error: type Context is not a member of org.apache.hadoop.mapred.Mapper[org.apache.hadoop.io.LongWritable,org.apache.hadoop.io.Text,org.apache.hadoop.io.Text,org.apache.hadoop.io.Text]
    context: Mapper[LongWritable, Text, Text, Text]#Context
             ^^^^^^^^^^^^^^^^^^^^^^^^^^^^^^^^^^^^^^^^^^^^^^[0m
[0m2021.01.26 15:04:51 INFO  /home/amburkee/Project1/clickstreamprocessor/src/main/scala/example/PrevLinkCountMapper.scala:18:14: stale bloop error: type Context is not a member of org.apache.hadoop.mapred.Mapper[org.apache.hadoop.io.LongWritable,org.apache.hadoop.io.Text,org.apache.hadoop.io.Text,org.apache.hadoop.io.Text]
    context: Mapper[LongWritable, Text, Text, Text]#Context
             ^^^^^^^^^^^^^^^^^^^^^^^^^^^^^^^^^^^^^^^^^^^^^^[0m
[0m2021.01.26 15:04:51 INFO  /home/amburkee/Project1/clickstreamprocessor/src/main/scala/example/PrevLinkCountMapper.scala:18:14: stale bloop error: type Context is not a member of org.apache.hadoop.mapred.Mapper[org.apache.hadoop.io.LongWritable,org.apache.hadoop.io.Text,org.apache.hadoop.io.Text,org.apache.hadoop.io.Text]
    context: Mapper[LongWritable, Text, Text, Text]#Context
             ^^^^^^^^^^^^^^^^^^^^^^^^^^^^^^^^^^^^^^^^^^^^^^[0m
[0m2021.01.26 15:04:51 INFO  /home/amburkee/Project1/clickstreamprocessor/src/main/scala/example/PrevLinkCountMapper.scala:18:14: stale bloop error: type Context is not a member of org.apache.hadoop.mapred.Mapper[org.apache.hadoop.io.LongWritable,org.apache.hadoop.io.Text,org.apache.hadoop.io.Text,org.apache.hadoop.io.Text]
    context: Mapper[LongWritable, Text, Text, Text]#Context
             ^^^^^^^^^^^^^^^^^^^^^^^^^^^^^^^^^^^^^^^^^^^^^^[0m
[0m2021.01.26 15:04:52 INFO  /home/amburkee/Project1/clickstreamprocessor/src/main/scala/example/PrevLinkCountMapper.scala:18:14: stale bloop error: type Context is not a member of org.apache.hadoop.mapred.Mapper[org.apache.hadoop.io.LongWritable,org.apache.hadoop.io.Text,org.apache.hadoop.io.Text,org.apache.hadoop.io.Text]
    context: Mapper[LongWritable, Text, Text, Text]#Context
             ^^^^^^^^^^^^^^^^^^^^^^^^^^^^^^^^^^^^^^^^^^^^^^[0m
[0m2021.01.26 15:05:23 INFO  /home/amburkee/Project1/clickstreamprocessor/src/main/scala/example/PrevLinkCountMapper.scala:18:14: stale bloop error: type Context is not a member of org.apache.hadoop.mapred.Mapper[org.apache.hadoop.io.LongWritable,org.apache.hadoop.io.Text,org.apache.hadoop.io.Text,org.apache.hadoop.io.Text]
    context: Mapper[LongWritable, Text, Text, Text]#Context
             ^^^^^^^^^^^^^^^^^^^^^^^^^^^^^^^^^^^^^^^^^^^^^^[0m
[0m2021.01.26 15:05:23 INFO  /home/amburkee/Project1/clickstreamprocessor/src/main/scala/example/PrevLinkCountMapper.scala:18:14: stale bloop error: type Context is not a member of org.apache.hadoop.mapred.Mapper[org.apache.hadoop.io.LongWritable,org.apache.hadoop.io.Text,org.apache.hadoop.io.Text,org.apache.hadoop.io.Text]
    context: Mapper[LongWritable, Text, Text, Text]#Context
             ^^^^^^^^^^^^^^^^^^^^^^^^^^^^^^^^^^^^^^^^^^^^^^[0m
[0m2021.01.26 15:05:25 INFO  /home/amburkee/Project1/clickstreamprocessor/src/main/scala/example/PrevLinkCountMapper.scala:18:14: stale bloop error: type Context is not a member of org.apache.hadoop.mapred.Mapper[org.apache.hadoop.io.LongWritable,org.apache.hadoop.io.Text,org.apache.hadoop.io.Text,org.apache.hadoop.io.Text]
    context: Mapper[LongWritable, Text, Text, Text]#Context
             ^^^^^^^^^^^^^^^^^^^^^^^^^^^^^^^^^^^^^^^^^^^^^^[0m
[0m2021.01.26 15:05:25 INFO  /home/amburkee/Project1/clickstreamprocessor/src/main/scala/example/PrevLinkCountMapper.scala:18:14: stale bloop error: type Context is not a member of org.apache.hadoop.mapred.Mapper[org.apache.hadoop.io.LongWritable,org.apache.hadoop.io.Text,org.apache.hadoop.io.Text,org.apache.hadoop.io.Text]
    context: Mapper[LongWritable, Text, Text, Text]#Context
             ^^^^^^^^^^^^^^^^^^^^^^^^^^^^^^^^^^^^^^^^^^^^^^[0m
[0m2021.01.26 15:05:25 INFO  /home/amburkee/Project1/clickstreamprocessor/src/main/scala/example/PrevLinkCountMapper.scala:18:14: stale bloop error: type Context is not a member of org.apache.hadoop.mapred.Mapper[org.apache.hadoop.io.LongWritable,org.apache.hadoop.io.Text,org.apache.hadoop.io.Text,org.apache.hadoop.io.Text]
    context: Mapper[LongWritable, Text, Text, Text]#Context
             ^^^^^^^^^^^^^^^^^^^^^^^^^^^^^^^^^^^^^^^^^^^^^^[0m
[0m2021.01.26 15:05:26 INFO  /home/amburkee/Project1/clickstreamprocessor/src/main/scala/example/PrevLinkCountMapper.scala:18:14: stale bloop error: type Context is not a member of org.apache.hadoop.mapred.Mapper[org.apache.hadoop.io.LongWritable,org.apache.hadoop.io.Text,org.apache.hadoop.io.Text,org.apache.hadoop.io.Text]
    context: Mapper[LongWritable, Text, Text, Text]#Context
             ^^^^^^^^^^^^^^^^^^^^^^^^^^^^^^^^^^^^^^^^^^^^^^[0m
[0m2021.01.26 15:05:27 INFO  /home/amburkee/Project1/clickstreamprocessor/src/main/scala/example/PrevLinkCountMapper.scala:18:14: stale bloop error: type Context is not a member of org.apache.hadoop.mapred.Mapper[org.apache.hadoop.io.LongWritable,org.apache.hadoop.io.Text,org.apache.hadoop.io.Text,org.apache.hadoop.io.Text]
    context: Mapper[LongWritable, Text, Text, Text]#Context
             ^^^^^^^^^^^^^^^^^^^^^^^^^^^^^^^^^^^^^^^^^^^^^^[0m
[0m2021.01.26 15:05:27 INFO  compiling root (1 scala source)[0m
[0m2021.01.26 15:05:27 INFO  /home/amburkee/Project1/clickstreamprocessor/src/main/scala/example/PrevLinkCountMapper.scala:23:79: stale bloop error: unclosed string literal
      context.write(new Text(record(0)), new Text(s"${record(1)\\t${record(3)}"))
                                                                              ^[0m
[0m2021.01.26 15:05:27 INFO  /home/amburkee/Project1/clickstreamprocessor/src/main/scala/example/PrevLinkCountMapper.scala:23:79: stale bloop error: unclosed string literal
      context.write(new Text(record(0)), new Text(s"${record(1)\\t${record(3)}"))
                                                                              ^[0m
[0m2021.01.26 15:05:27 INFO  /home/amburkee/Project1/clickstreamprocessor/src/main/scala/example/PrevLinkCountMapper.scala:25:6: stale bloop error: unclosed string literal
    }
     ^[0m
[0m2021.01.26 15:05:27 INFO  /home/amburkee/Project1/clickstreamprocessor/src/main/scala/example/PrevLinkCountMapper.scala:25:5: stale bloop error: Missing closing brace `}` assumed here
    }
    ^[0m
[0m2021.01.26 15:05:27 INFO  time: compiled root in 56ms[0m
[0m2021.01.26 15:05:30 INFO  /home/amburkee/Project1/clickstreamprocessor/src/main/scala/example/PrevLinkCountMapper.scala:23:79: stale bloop error: unclosed string literal
      context.write(new Text(record(0)), new Text(s"${record(1)\\t${record(3)}"))
                                                                              ^[0m
[0m2021.01.26 15:05:30 INFO  /home/amburkee/Project1/clickstreamprocessor/src/main/scala/example/PrevLinkCountMapper.scala:25:6: stale bloop error: unclosed string literal
    }
     ^[0m
[0m2021.01.26 15:05:30 INFO  /home/amburkee/Project1/clickstreamprocessor/src/main/scala/example/PrevLinkCountMapper.scala:25:5: stale bloop error: Missing closing brace `}` assumed here
    }
    ^[0m
[0m2021.01.26 15:05:30 INFO  /home/amburkee/Project1/clickstreamprocessor/src/main/scala/example/PrevLinkCountMapper.scala:23:79: stale bloop error: unclosed string literal
      context.write(new Text(record(0)), new Text(s"${record(1)\\t${record(3)}"))
                                                                              ^[0m
[0m2021.01.26 15:05:30 INFO  /home/amburkee/Project1/clickstreamprocessor/src/main/scala/example/PrevLinkCountMapper.scala:25:6: stale bloop error: unclosed string literal
    }
     ^[0m
[0m2021.01.26 15:05:30 INFO  /home/amburkee/Project1/clickstreamprocessor/src/main/scala/example/PrevLinkCountMapper.scala:25:5: stale bloop error: Missing closing brace `}` assumed here
    }
    ^[0m
[0m2021.01.26 15:05:31 INFO  compiling root (1 scala source)[0m
[0m2021.01.26 15:05:31 INFO  time: compiled root in 63ms[0m
[0m2021.01.26 15:05:56 WARN  no build target for: /home/amburkee/Project1/wc/src/main/scala/example/WordMapper.scala[0m
[0m2021.01.26 15:06:18 INFO  compiling root (1 scala source)[0m
[0m2021.01.26 15:06:18 INFO  time: compiled root in 0.57s[0m
[0m2021.01.26 15:06:18 INFO  compiling root (1 scala source)[0m
[0m2021.01.26 15:06:18 INFO  time: compiled root in 0.11s[0m
Jan 26, 2021 3:07:00 PM org.eclipse.lsp4j.jsonrpc.RemoteEndpoint handleCancellation
WARNING: Unmatched cancel notification for request id 2635
[0m2021.01.26 15:07:15 INFO  compiling root (1 scala source)[0m
[0m2021.01.26 15:07:15 INFO  time: compiled root in 0.51s[0m
[0m2021.01.26 15:07:15 INFO  compiling root (1 scala source)[0m
[0m2021.01.26 15:07:15 INFO  time: compiled root in 76ms[0m
[0m2021.01.26 15:07:46 INFO  compiling root (3 scala sources)[0m
[0m2021.01.26 15:07:46 INFO  time: compiled root in 0.7s[0m
[0m2021.01.26 15:08:07 INFO  compiling root (3 scala sources)[0m
[0m2021.01.26 15:08:07 INFO  time: compiled root in 0.72s[0m
something's wrong: no file:///home/amburkee/Project1/clickstreamprocessor/src/main/scala/example/MaxPrevCountReducer.scala in org.apache.hadoop.mapreduce.Reducer[org.apache.hadoop.io.Text,org.apache.hadoop.io.Text,org.apache.hadoop.io.Text,<error>]RangePosition(file:///home/amburkee/Project1/clickstreamprocessor/src/main/scala/example/MaxPrevCountReducer.scala, 169, 169, 203)
something's wrong: no file:///home/amburkee/Project1/clickstreamprocessor/src/main/scala/example/MaxPrevCountReducer.scala in org.apache.hadoop.mapreduce.Reducer[org.apache.hadoop.io.Text,org.apache.hadoop.io.Text,org.apache.hadoop.io.Text,<error>]RangePosition(file:///home/amburkee/Project1/clickstreamprocessor/src/main/scala/example/MaxPrevCountReducer.scala, 169, 169, 204)
something's wrong: no file:///home/amburkee/Project1/clickstreamprocessor/src/main/scala/example/MaxPrevCountReducer.scala in org.apache.hadoop.mapreduce.Reducer[org.apache.hadoop.io.Text,org.apache.hadoop.io.Text,org.apache.hadoop.io.Text,<error>]RangePosition(file:///home/amburkee/Project1/clickstreamprocessor/src/main/scala/example/MaxPrevCountReducer.scala, 169, 169, 197)
something's wrong: no file:///home/amburkee/Project1/clickstreamprocessor/src/main/scala/example/MaxPrevCountReducer.scala in org.apache.hadoop.mapreduce.Reducer[org.apache.hadoop.io.Text,org.apache.hadoop.io.Text,org.apache.hadoop.io.Text,<error>]RangePosition(file:///home/amburkee/Project1/clickstreamprocessor/src/main/scala/example/MaxPrevCountReducer.scala, 169, 169, 198)
something's wrong: no file:///home/amburkee/Project1/clickstreamprocessor/src/main/scala/example/MaxPrevCountReducer.scala in org.apache.hadoop.mapreduce.Reducer[org.apache.hadoop.io.Text,org.apache.hadoop.io.Text,org.apache.hadoop.io.Text,<error>]RangePosition(file:///home/amburkee/Project1/clickstreamprocessor/src/main/scala/example/MaxPrevCountReducer.scala, 169, 169, 201)
something's wrong: no file:///home/amburkee/Project1/clickstreamprocessor/src/main/scala/example/MaxPrevCountReducer.scala in org.apache.hadoop.mapreduce.Reducer[org.apache.hadoop.io.Text,org.apache.hadoop.io.Text,org.apache.hadoop.io.Text,<error>]RangePosition(file:///home/amburkee/Project1/clickstreamprocessor/src/main/scala/example/MaxPrevCountReducer.scala, 169, 169, 200)
something's wrong: no file:///home/amburkee/Project1/clickstreamprocessor/src/main/scala/example/MaxPrevCountReducer.scala in org.apache.hadoop.mapreduce.Reducer[org.apache.hadoop.io.Text,org.apache.hadoop.io.Text,org.apache.hadoop.io.Text,Int]RangePosition(file:///home/amburkee/Project1/clickstreamprocessor/src/main/scala/example/MaxPrevCountReducer.scala, 169, 169, 199)
something's wrong: no file:///home/amburkee/Project1/clickstreamprocessor/src/main/scala/example/MaxPrevCountReducer.scala in org.apache.hadoop.mapreduce.Reducer[org.apache.hadoop.io.Text,org.apache.hadoop.io.Text,org.apache.hadoop.io.Text,<error>]RangePosition(file:///home/amburkee/Project1/clickstreamprocessor/src/main/scala/example/MaxPrevCountReducer.scala, 169, 169, 200)
something's wrong: no file:///home/amburkee/Project1/clickstreamprocessor/src/main/scala/example/MaxPrevCountReducer.scala in org.apache.hadoop.mapreduce.Reducer[org.apache.hadoop.io.Text,org.apache.hadoop.io.Text,org.apache.hadoop.io.Text,<error>]RangePosition(file:///home/amburkee/Project1/clickstreamprocessor/src/main/scala/example/MaxPrevCountReducer.scala, 169, 169, 201)
something's wrong: no file:///home/amburkee/Project1/clickstreamprocessor/src/main/scala/example/MaxPrevCountReducer.scala in org.apache.hadoop.mapreduce.Reducer[org.apache.hadoop.io.Text,org.apache.hadoop.io.Text,org.apache.hadoop.io.Text,<error>]RangePosition(file:///home/amburkee/Project1/clickstreamprocessor/src/main/scala/example/MaxPrevCountReducer.scala, 169, 169, 203)
something's wrong: no file:///home/amburkee/Project1/clickstreamprocessor/src/main/scala/example/MaxPrevCountReducer.scala in org.apache.hadoop.mapreduce.Reducer[org.apache.hadoop.io.Text,org.apache.hadoop.io.Text,org.apache.hadoop.io.Text,org.apache.hadoop.io.IntWritable]RangePosition(file:///home/amburkee/Project1/clickstreamprocessor/src/main/scala/example/MaxPrevCountReducer.scala, 169, 169, 207)
[0m2021.01.26 15:08:38 INFO  compiling root (1 scala source)[0m
[0m2021.01.26 15:08:38 INFO  time: compiled root in 0.65s[0m
something's wrong: no file:///home/amburkee/Project1/clickstreamprocessor/src/main/scala/example/MaxPrevCountReducer.scala in org.apache.hadoop.mapreduce.Reducer[org.apache.hadoop.io.Text,org.apache.hadoop.io.IntWritable,org.apache.hadoop.io.Text,org.apache.hadoop.io.IntWritable]RangePosition(file:///home/amburkee/Project1/clickstreamprocessor/src/main/scala/example/MaxPrevCountReducer.scala, 313, 313, 358)
[0m2021.01.26 15:08:58 INFO  compiling root (1 scala source)[0m
[0m2021.01.26 15:08:58 INFO  time: compiled root in 0.38s[0m
[0m2021.01.26 15:08:58 INFO  compiling root (1 scala source)[0m
[0m2021.01.26 15:08:58 INFO  time: compiled root in 65ms[0m
Jan 26, 2021 3:09:34 PM org.eclipse.lsp4j.jsonrpc.RemoteEndpoint handleCancellation
WARNING: Unmatched cancel notification for request id 3073
Jan 26, 2021 3:10:02 PM org.eclipse.lsp4j.jsonrpc.RemoteEndpoint handleCancellation
WARNING: Unmatched cancel notification for request id 3179
Jan 26, 2021 3:10:18 PM org.eclipse.lsp4j.jsonrpc.RemoteEndpoint handleCancellation
WARNING: Unmatched cancel notification for request id 3253
something's wrong: no file:///home/amburkee/Project1/clickstreamprocessor/src/main/scala/example/MaxPrevCountReducer.scala in Iterable[<error>]RangePosition(file:///home/amburkee/Project1/clickstreamprocessor/src/main/scala/example/MaxPrevCountReducer.scala, 394, 404, 428)
something's wrong: no file:///home/amburkee/Project1/clickstreamprocessor/src/main/scala/example/MaxPrevCountReducer.scala in Iterable[<error>]RangePosition(file:///home/amburkee/Project1/clickstreamprocessor/src/main/scala/example/MaxPrevCountReducer.scala, 394, 404, 421)
something's wrong: no file:///home/amburkee/Project1/clickstreamprocessor/src/main/scala/example/MaxPrevCountReducer.scala in Iterable[<error>]RangePosition(file:///home/amburkee/Project1/clickstreamprocessor/src/main/scala/example/MaxPrevCountReducer.scala, 394, 404, 422)
something's wrong: no file:///home/amburkee/Project1/clickstreamprocessor/src/main/scala/example/MaxPrevCountReducer.scala in Iterable[<error>]RangePosition(file:///home/amburkee/Project1/clickstreamprocessor/src/main/scala/example/MaxPrevCountReducer.scala, 394, 404, 424)
something's wrong: no file:///home/amburkee/Project1/clickstreamprocessor/src/main/scala/example/MaxPrevCountReducer.scala in Iterable[<error>]RangePosition(file:///home/amburkee/Project1/clickstreamprocessor/src/main/scala/example/MaxPrevCountReducer.scala, 394, 404, 423)
something's wrong: no file:///home/amburkee/Project1/clickstreamprocessor/src/main/scala/example/MaxPrevCountReducer.scala in Iterable[<error>]RangePosition(file:///home/amburkee/Project1/clickstreamprocessor/src/main/scala/example/MaxPrevCountReducer.scala, 394, 404, 423)
something's wrong: no file:///home/amburkee/Project1/clickstreamprocessor/src/main/scala/example/MaxPrevCountReducer.scala in Iterable[<error>]RangePosition(file:///home/amburkee/Project1/clickstreamprocessor/src/main/scala/example/MaxPrevCountReducer.scala, 394, 404, 423)
something's wrong: no file:///home/amburkee/Project1/clickstreamprocessor/src/main/scala/example/MaxPrevCountReducer.scala in Iterable[<error>]RangePosition(file:///home/amburkee/Project1/clickstreamprocessor/src/main/scala/example/MaxPrevCountReducer.scala, 394, 404, 423)
something's wrong: no file:///home/amburkee/Project1/clickstreamprocessor/src/main/scala/example/MaxPrevCountReducer.scala in Iterable[<error>]RangePosition(file:///home/amburkee/Project1/clickstreamprocessor/src/main/scala/example/MaxPrevCountReducer.scala, 394, 404, 423)
something's wrong: no file:///home/amburkee/Project1/clickstreamprocessor/src/main/scala/example/MaxPrevCountReducer.scala in Iterable[org.apache.hadoop.io.Text]RangePosition(file:///home/amburkee/Project1/clickstreamprocessor/src/main/scala/example/MaxPrevCountReducer.scala, 394, 404, 418)
something's wrong: no file:///home/amburkee/Project1/clickstreamprocessor/src/main/scala/example/MaxPrevCountReducer.scala in Iterable[org.apache.hadoop.io.Text]RangePosition(file:///home/amburkee/Project1/clickstreamprocessor/src/main/scala/example/MaxPrevCountReducer.scala, 394, 404, 418)
something's wrong: no file:///home/amburkee/Project1/clickstreamprocessor/src/main/scala/example/MaxPrevCountReducer.scala in Iterable[org.apache.hadoop.io.Text]RangePosition(file:///home/amburkee/Project1/clickstreamprocessor/src/main/scala/example/MaxPrevCountReducer.scala, 394, 404, 418)
something's wrong: no file:///home/amburkee/Project1/clickstreamprocessor/src/main/scala/example/MaxPrevCountReducer.scala in Iterable[org.apache.hadoop.io.Text]RangePosition(file:///home/amburkee/Project1/clickstreamprocessor/src/main/scala/example/MaxPrevCountReducer.scala, 394, 404, 418)
something's wrong: no file:///home/amburkee/Project1/clickstreamprocessor/src/main/scala/example/MaxPrevCountReducer.scala in Iterable[org.apache.hadoop.io.Text]RangePosition(file:///home/amburkee/Project1/clickstreamprocessor/src/main/scala/example/MaxPrevCountReducer.scala, 394, 404, 418)
something's wrong: no file:///home/amburkee/Project1/clickstreamprocessor/src/main/scala/example/MaxPrevCountReducer.scala in Iterable[org.apache.hadoop.io.Text]RangePosition(file:///home/amburkee/Project1/clickstreamprocessor/src/main/scala/example/MaxPrevCountReducer.scala, 394, 404, 418)
something's wrong: no file:///home/amburkee/Project1/clickstreamprocessor/src/main/scala/example/MaxPrevCountReducer.scala in Iterable[org.apache.hadoop.io.Text]RangePosition(file:///home/amburkee/Project1/clickstreamprocessor/src/main/scala/example/MaxPrevCountReducer.scala, 394, 404, 418)
Jan 26, 2021 3:11:04 PM org.eclipse.lsp4j.jsonrpc.RemoteEndpoint handleCancellation
WARNING: Unmatched cancel notification for request id 3529
Jan 26, 2021 3:11:04 PM org.eclipse.lsp4j.jsonrpc.RemoteEndpoint handleCancellation
WARNING: Unmatched cancel notification for request id 3531
something's wrong: no file:///home/amburkee/Project1/clickstreamprocessor/src/main/scala/example/MaxPrevCountReducer.scala in org.apache.hadoop.mapreduce.Reducer[org.apache.hadoop.io.Text,org.apache.hadoop.io.Text,org.apache.hadoop.io.Text,<error>]RangePosition(file:///home/amburkee/Project1/clickstreamprocessor/src/main/scala/example/MaxPrevCountReducer.scala, 433, 433, 467)
something's wrong: no file:///home/amburkee/Project1/clickstreamprocessor/src/main/scala/example/MaxPrevCountReducer.scala in org.apache.hadoop.mapreduce.Reducer[org.apache.hadoop.io.Text,org.apache.hadoop.io.Text,org.apache.hadoop.io.Text,<error>]RangePosition(file:///home/amburkee/Project1/clickstreamprocessor/src/main/scala/example/MaxPrevCountReducer.scala, 433, 433, 468)
something's wrong: no file:///home/amburkee/Project1/clickstreamprocessor/src/main/scala/example/MaxPrevCountReducer.scala in org.apache.hadoop.mapreduce.Reducer[org.apache.hadoop.io.Text,org.apache.hadoop.io.Text,org.apache.hadoop.io.Text,<error>]RangePosition(file:///home/amburkee/Project1/clickstreamprocessor/src/main/scala/example/MaxPrevCountReducer.scala, 433, 433, 461)
something's wrong: no file:///home/amburkee/Project1/clickstreamprocessor/src/main/scala/example/MaxPrevCountReducer.scala in org.apache.hadoop.mapreduce.Reducer[org.apache.hadoop.io.Text,org.apache.hadoop.io.Text,org.apache.hadoop.io.Text,<error>]RangePosition(file:///home/amburkee/Project1/clickstreamprocessor/src/main/scala/example/MaxPrevCountReducer.scala, 433, 433, 462)
Jan 26, 2021 3:11:08 PM org.eclipse.lsp4j.jsonrpc.RemoteEndpoint handleCancellation
WARNING: Unmatched cancel notification for request id 3549
something's wrong: no file:///home/amburkee/Project1/clickstreamprocessor/src/main/scala/example/MaxPrevCountReducer.scala in org.apache.hadoop.mapreduce.Reducer[org.apache.hadoop.io.Text,org.apache.hadoop.io.Text,org.apache.hadoop.io.Text,Int]RangePosition(file:///home/amburkee/Project1/clickstreamprocessor/src/main/scala/example/MaxPrevCountReducer.scala, 433, 433, 463)
something's wrong: no file:///home/amburkee/Project1/clickstreamprocessor/src/main/scala/example/MaxPrevCountReducer.scala in org.apache.hadoop.mapreduce.Reducer[org.apache.hadoop.io.Text,org.apache.hadoop.io.Text,org.apache.hadoop.io.Text,<error>]RangePosition(file:///home/amburkee/Project1/clickstreamprocessor/src/main/scala/example/MaxPrevCountReducer.scala, 433, 433, 464)
something's wrong: no file:///home/amburkee/Project1/clickstreamprocessor/src/main/scala/example/MaxPrevCountReducer.scala in org.apache.hadoop.mapreduce.Reducer[org.apache.hadoop.io.Text,org.apache.hadoop.io.Text,org.apache.hadoop.io.Text,<error>]RangePosition(file:///home/amburkee/Project1/clickstreamprocessor/src/main/scala/example/MaxPrevCountReducer.scala, 433, 433, 465)
something's wrong: no file:///home/amburkee/Project1/clickstreamprocessor/src/main/scala/example/MaxPrevCountReducer.scala in org.apache.hadoop.mapreduce.Reducer[org.apache.hadoop.io.Text,org.apache.hadoop.io.Text,org.apache.hadoop.io.Text,org.apache.hadoop.io.IntWritable]RangePosition(file:///home/amburkee/Project1/clickstreamprocessor/src/main/scala/example/MaxPrevCountReducer.scala, 433, 433, 471)
something's wrong: no file:///home/amburkee/Project1/clickstreamprocessor/src/main/scala/example/MaxPrevCountReducer.scala in org.apache.hadoop.mapreduce.Reducer[org.apache.hadoop.io.Text,org.apache.hadoop.io.Text,org.apache.hadoop.io.Text,org.apache.hadoop.io.IntWritable]RangePosition(file:///home/amburkee/Project1/clickstreamprocessor/src/main/scala/example/MaxPrevCountReducer.scala, 433, 433, 471)
something's wrong: no file:///home/amburkee/Project1/clickstreamprocessor/src/main/scala/example/MaxPrevCountReducer.scala in org.apache.hadoop.mapreduce.Reducer[org.apache.hadoop.io.Text,org.apache.hadoop.io.Text,org.apache.hadoop.io.Text,org.apache.hadoop.io.IntWritable]RangePosition(file:///home/amburkee/Project1/clickstreamprocessor/src/main/scala/example/MaxPrevCountReducer.scala, 433, 433, 471)
[0m2021.01.26 15:11:24 INFO  compiling root (1 scala source)[0m
[0m2021.01.26 15:11:24 INFO  time: compiled root in 0.42s[0m
[0m2021.01.26 15:11:24 INFO  compiling root (1 scala source)[0m
[0m2021.01.26 15:11:24 INFO  time: compiled root in 62ms[0m
something's wrong: no file:///home/amburkee/Project1/clickstreamprocessor/src/main/scala/example/MaxPrevCountReducer.scala in org.apache.hadoop.mapreduce.Reducer[org.apache.hadoop.io.Text,org.apache.hadoop.io.Text,org.apache.hadoop.io.Text,org.apache.hadoop.io.IntWritable]RangePosition(file:///home/amburkee/Project1/clickstreamprocessor/src/main/scala/example/MaxPrevCountReducer.scala, 433, 433, 471)
Jan 26, 2021 3:11:42 PM org.eclipse.lsp4j.jsonrpc.RemoteEndpoint handleCancellation
WARNING: Unmatched cancel notification for request id 3654
Jan 26, 2021 3:11:46 PM org.eclipse.lsp4j.jsonrpc.RemoteEndpoint handleCancellation
WARNING: Unmatched cancel notification for request id 3682
Jan 26, 2021 3:13:18 PM org.eclipse.lsp4j.jsonrpc.RemoteEndpoint handleCancellation
WARNING: Unmatched cancel notification for request id 3821
Jan 26, 2021 3:13:28 PM org.eclipse.lsp4j.jsonrpc.RemoteEndpoint handleCancellation
WARNING: Unmatched cancel notification for request id 3858
[0m2021.01.26 15:14:01 INFO  compiling root (1 scala source)[0m
[0m2021.01.26 15:14:01 INFO  time: compiled root in 64ms[0m
Jan 26, 2021 3:15:24 PM org.eclipse.lsp4j.jsonrpc.RemoteEndpoint handleCancellation
WARNING: Unmatched cancel notification for request id 4224
Jan 26, 2021 3:15:48 PM org.eclipse.lsp4j.jsonrpc.RemoteEndpoint handleCancellation
WARNING: Unmatched cancel notification for request id 4317
Jan 26, 2021 3:15:50 PM org.eclipse.lsp4j.jsonrpc.RemoteEndpoint handleCancellation
WARNING: Unmatched cancel notification for request id 4338
Jan 26, 2021 3:15:52 PM org.eclipse.lsp4j.jsonrpc.RemoteEndpoint handleCancellation
WARNING: Unmatched cancel notification for request id 4353
Jan 26, 2021 3:16:04 PM org.eclipse.lsp4j.jsonrpc.RemoteEndpoint handleCancellation
WARNING: Unmatched cancel notification for request id 4407
Jan 26, 2021 3:16:14 PM org.eclipse.lsp4j.jsonrpc.RemoteEndpoint handleCancellation
WARNING: Unmatched cancel notification for request id 4460
[0m2021.01.26 15:16:49 INFO  compiling root (1 scala source)[0m
[0m2021.01.26 15:16:49 INFO  time: compiled root in 81ms[0m
[0m2021.01.26 15:17:14 INFO  compiling root (1 scala source)[0m
[0m2021.01.26 15:17:14 INFO  time: compiled root in 0.11s[0m
[0m2021.01.26 15:17:21 INFO  compiling root (1 scala source)[0m
[0m2021.01.26 15:17:21 INFO  time: compiled root in 72ms[0m
[0m2021.01.26 15:17:32 INFO  /home/amburkee/Project1/clickstreamprocessor/src/main/scala/example/MaxPrevCountReducer.scala:26:15: stale bloop error: value spl is not a member of String
did you mean split?
      val n = nextValue.spl
              ^^^^^^^^^^^^^[0m
[0m2021.01.26 15:17:43 INFO  compiling root (1 scala source)[0m
[0m2021.01.26 15:17:43 INFO  time: compiled root in 0.54s[0m
[0m2021.01.26 15:17:43 INFO  compiling root (1 scala source)[0m
[0m2021.01.26 15:17:43 INFO  time: compiled root in 64ms[0m
[0m2021.01.26 15:18:20 INFO  compiling root (1 scala source)[0m
[0m2021.01.26 15:18:20 INFO  time: compiled root in 0.48s[0m
[0m2021.01.26 15:18:20 INFO  compiling root (1 scala source)[0m
[0m2021.01.26 15:18:20 INFO  time: compiled root in 65ms[0m
Jan 26, 2021 3:18:28 PM org.eclipse.lsp4j.jsonrpc.RemoteEndpoint handleCancellation
WARNING: Unmatched cancel notification for request id 4730
[0m2021.01.26 15:19:22 INFO  compiling root (1 scala source)[0m
[0m2021.01.26 15:19:22 INFO  time: compiled root in 50ms[0m
[0m2021.01.26 15:19:33 INFO  compiling root (1 scala source)[0m
[0m2021.01.26 15:19:33 INFO  time: compiled root in 47ms[0m
Jan 26, 2021 3:19:40 PM org.eclipse.lsp4j.jsonrpc.RemoteEndpoint handleCancellation
WARNING: Unmatched cancel notification for request id 4971
[0m2021.01.26 15:19:45 INFO  /home/amburkee/Project1/clickstreamprocessor/src/main/scala/example/MaxPrevCountReducer.scala:30:7: stale bloop error: illegal start of simple expression
      }
      ^[0m
[0m2021.01.26 15:19:45 INFO  /home/amburkee/Project1/clickstreamprocessor/src/main/scala/example/MaxPrevCountReducer.scala:30:7: stale bloop error: illegal start of simple expression
      }
      ^[0m
[0m2021.01.26 15:19:50 INFO  /home/amburkee/Project1/clickstreamprocessor/src/main/scala/example/MaxPrevCountReducer.scala:30:7: stale bloop error: illegal start of simple expression
      }
      ^[0m
[0m2021.01.26 15:19:50 INFO  /home/amburkee/Project1/clickstreamprocessor/src/main/scala/example/MaxPrevCountReducer.scala:30:7: stale bloop error: illegal start of simple expression
      }
      ^[0m
[0m2021.01.26 15:19:56 INFO  compiling root (1 scala source)[0m
[0m2021.01.26 15:19:56 INFO  time: compiled root in 0.55s[0m
[0m2021.01.26 15:19:56 INFO  compiling root (1 scala source)[0m
[0m2021.01.26 15:19:56 INFO  time: compiled root in 67ms[0m
[0m2021.01.26 15:20:35 INFO  compiling root (1 scala source)[0m
[0m2021.01.26 15:20:35 INFO  time: compiled root in 0.55s[0m
[0m2021.01.26 15:20:35 INFO  compiling root (1 scala source)[0m
[0m2021.01.26 15:20:35 INFO  time: compiled root in 55ms[0m
[0m2021.01.26 15:22:33 INFO  compiling root (1 scala source)[0m
[0m2021.01.26 15:22:33 INFO  time: compiled root in 0.52s[0m
[0m2021.01.26 15:22:33 INFO  compiling root (1 scala source)[0m
[0m2021.01.26 15:22:33 INFO  time: compiled root in 67ms[0m
Jan 26, 2021 3:22:34 PM org.eclipse.lsp4j.jsonrpc.RemoteEndpoint handleCancellation
WARNING: Unmatched cancel notification for request id 5257
something's wrong: no file:///home/amburkee/Project1/clickstreamprocessor/src/main/scala/example/MaxPrevCountReducer.scala in Iterable[org.apache.hadoop.io.Text]RangePosition(file:///home/amburkee/Project1/clickstreamprocessor/src/main/scala/example/MaxPrevCountReducer.scala, 394, 404, 418)
[0m2021.01.26 15:23:44 INFO  compiling root (3 scala sources)[0m
[0m2021.01.26 15:23:44 INFO  time: compiled root in 0.11s[0m
[0m2021.01.26 15:23:56 INFO  compiling root (3 scala sources)[0m
[0m2021.01.26 15:23:56 INFO  time: compiled root in 0.1s[0m
[0m2021.01.26 15:24:02 INFO  compiling root (3 scala sources)[0m
[0m2021.01.26 15:24:02 INFO  time: compiled root in 0.1s[0m
[0m2021.01.26 15:24:30 INFO  compiling root (3 scala sources)[0m
[0m2021.01.26 15:24:30 INFO  time: compiled root in 0.7s[0m
